 *******************************************************************************
 **                                                                           **
 **                              MOPAC v Jimmy's                  **
 **                                                                           **
 *******************************************************************************
 **          Digital Object Identifier (DOI): 10.5281/zenodo.6511958          **
 **    Visit the DOI location for information on how to cite this program.    **
 *******************************************************************************

                              PM6-D3H4 CALCULATION RESULTS

 *******************************************************************************
 *  CALCULATION DONE:                                Tue Jun 27 06:23:34 2023  *
 *  PM6-D3H4   - CORRECT DISPERSION AND HYDROGEN BOND TERMS USING THE D3H4 METHOD
 *  MOZYME     - USE LOCALIZED M.O.s IN SOLVING THE SCF EQUATIONS
 *  OPT        - OPTIMIZE COORDINATES OF ALL ATOMS
 *
 *
 *
 *                 CHARGE ON SYSTEM = -5
 *
 *
 *
 *  EPS=78.4   - USE ANDREAS KLAMT'S COSMO IMPLICIT SOLVATION MODEL
 *  LET        - OVERRIDE SOME SAFETY CHECKS
 *  THREADS    - INACTIVE (THREAD CONTROLS DISABLED)
 *  T=         - A TIME OF 2.0 WEEKS REQUESTED
 *  DUMP=N     - RESTART FILE WRITTEN EVERY 7200.0 SECONDS REQUESTED
 *  CUTOFF=    - CUTOFF FOR NDDO AND DIPOLE INTERACTIONS =  6.00A
 *  OUTPUT     - MINIMIZE OUTPUT
 *  HTML       - WRITE HTML SCRIPT TO READ PDB FILE USING JSMOL
 *******************************************************************************
 HTML opt EPS=78.4 MOZYME OUTPUT PM6-D3H4 CUTOFF=6 T=2W THREADS=1 LET(60) CHARGE=-5
 Green Fluorescent Protein (5WJ2) PM6-D3H4 geometry

 

 General Reference for PM6:
 "Optimization of Parameters for Semiempirical Methods V: Modification of NDDO Approximations
 and Application to 70 Elements", J. J. P. Stewart, J. Mol. Mod., 13, 1173-1213 (2007)
 URL: https://link.springer.com/article/10.1007/s00894-007-0233-4

           Empirical Formula: C1191 H1939 N322 O416 S6  =  3874 atoms

 

   Ion     <--------PDB Label------->   Charge     Distance        PDB label for Salt Bridge   Charge

    1     (ATOM    579  NH1 ARG A  30)   +1         3.49         (ATOM    607  OE1 GLU A  32)   -1
    2     (ATOM    783  NZ  LYS A  45)   +1         2.77         (ATOM   3390  OD2 ASP A 210)   -1
    3     (ATOM    890  NZ  LYS A  52)   +1         3.12         (ATOM   3491  OD2 ASP A 216)   -1
    4     (ATOM   1314  NZ  LYS A  79)   +1         2.68         (ATOM   1267  OD2 ASP A  76)   -1
    5     (ATOM   1422  NZ  LYS A  85)   +1         2.70         (ATOM   1369  OD2 ASP A  82)   -1
    6     (ATOM   1675  NZ  LYS A 101)   +1         3.89         (ATOM   1696  OD2 ASP A 102)   -1
    7     (ATOM   1800  NH1 ARG A 109)   +1         2.90         (ATOM   1833  OE2 GLU A 111)   -1
    8     (ATOM   1864  NZ  LYS A 113)   +1         3.70         (ATOM   1905  OE1 GLU A 115)   -1
    9     (ATOM   2002  NE  ARG A 122)   +1         3.14         (ATOM    388  OE1 GLU A  17)   -1
   10     (ATOM   2292  NZ  LYS A 140)   +1         3.04         (ATOM   2195  OD1 ASP A 133)   -1
   11     (ATOM   3467  NE  ARG A 215)   +1         2.67         (ATOM   3431  OE2 GLU A 213)   -1

                 All other ions
 
    1     (ATOM      1  N   ASN A  -7)   +1
    2     (ATOM    170  NZ  LYS A   3)   +1
    3     (ATOM    508  NZ  LYS A  26)   +1
    4     (ATOM    709  NZ  LYS A  41)   +1
    5     (ATOM   1209  CZ  ARG A  73)   +1
    6     (ATOM   1587  CZ  ARG A  96)   +1
    7     (ATOM   1763  NZ  LYS A 107)   +1
    8     (ATOM   2080  NZ  LYS A 126)   +1
    9     (ATOM   2160  NZ  LYS A 131)   +1
   10     (ATOM   2551  NZ  LYS A 156)   +1
   11     (ATOM   2590  NZ  LYS A 158)   +1
   12     (ATOM   2652  NZ  LYS A 162)   +1
   13     (ATOM   2718  NZ  LYS A 166)   +1
   14     (ATOM   2759  CZ  ARG A 168)   +1
   15     (ATOM   3369  NZ  LYS A 209)   +1
   16     (ATOM   3446  NZ  LYS A 214)   +1
 
    1     (ATOM    199  OE2 GLU A   5)   -1
    2     (ATOM    214  OE2 GLU A   6)   -1
    3     (ATOM    422  OD2 ASP A  19)   -1
    4     (ATOM    441  OD2 ASP A  21)   -1
    5     (ATOM    630  OE2 GLU A  34)   -1
    6     (ATOM    651  OD2 ASP A  36)   -1
    7     (ATOM   1496  OE2 GLU A  90)   -1
    8     (ATOM   1572  OE2 GLU A  95)   -1
    9     (ATOM   1708  OD2 ASP A 103)   -1
   10     (ATOM   1927  OD2 ASP A 117)   -1
   11     (ATOM   2046  OE2 GLU A 124)   -1
   12     (ATOM   2127  OD2 ASP A 129)   -1
   13     (ATOM   2182  OE2 GLU A 132)   -1
   14     (ATOM   2333  OE2 GLU A 142)   -1
   15     (ATOM   2538  OD2 ASP A 155)   -1
   16     (ATOM   2830  OE2 GLU A 172)   -1
   17     (ATOM   2844  OD2 ASP A 173)   -1
   18     (ATOM   2936  OD2 ASP A 180)   -1
   19     (ATOM   3088  OD2 ASP A 190)   -1
   20     (ATOM   3189  OD2 ASP A 197)   -1
   21     (ATOM   3592  OE2 GLU A 222)   -1

          COMPUTED CHARGE ON SYSTEM: -5, THIS IS THE SAME AS THE CHARGE DEFINED IN THE DATA-SET.

          Geometry optimization using L-BFGS

          Keyword "LET" re-set the number of cycles used in identifying the lowest-energy geometry to  60
 CYCLE:     1 TIME: 229.680 TIME LEFT:  2.00W  GRAD.:  2044.057 HEAT: -20951.18
 CYCLE:     2 TIME:  80.543 TIME LEFT:  2.00W  GRAD.:  2004.076 HEAT: -20992.71
 CYCLE:     3 TIME:  96.789 TIME LEFT:  2.00W  GRAD.:   705.274 HEAT: -22557.46
 CYCLE:     4 TIME:  78.365 TIME LEFT:  2.00W  GRAD.:  2027.477 HEAT: -20996.36
 CYCLE:     5 TIME: 114.510 TIME LEFT:  2.00W  GRAD.:   712.471 HEAT: -22560.23
 CYCLE:     6 TIME:  71.104 TIME LEFT:  2.00W  GRAD.:   464.869 HEAT: -22817.47
 CYCLE:     7 TIME:  76.664 TIME LEFT:  2.00W  GRAD.:   382.894 HEAT: -22912.43
 CYCLE:     8 TIME:  74.557 TIME LEFT:  2.00W  GRAD.:   233.395 HEAT: -22964.13
 CYCLE:     9 TIME:  78.672 TIME LEFT:  2.00W  GRAD.:   220.384 HEAT: -23000.01
 CYCLE:    10 TIME:  82.619 TIME LEFT:  2.00W  GRAD.:   291.189 HEAT: -23048.02
 CYCLE:    11 TIME:  85.148 TIME LEFT:  2.00W  GRAD.:   318.917 HEAT: -23088.32
 CYCLE:    12 TIME:  78.150 TIME LEFT:  2.00W  GRAD.:   176.623 HEAT: -23120.47
 CYCLE:    13 TIME: 107.850 TIME LEFT:  2.00W  GRAD.:   170.519 HEAT: -23149.38
 CYCLE:    14 TIME: 100.234 TIME LEFT:  2.00W  GRAD.:   214.658 HEAT: -23173.35
 CYCLE:    15 TIME:  97.617 TIME LEFT:  2.00W  GRAD.:   215.591 HEAT: -23208.40
 CYCLE:    16 TIME:  85.852 TIME LEFT:  2.00W  GRAD.:   218.510 HEAT: -23240.13
 CYCLE:    17 TIME:  79.244 TIME LEFT:  2.00W  GRAD.:   172.584 HEAT: -23267.23
 CYCLE:    18 TIME:  79.619 TIME LEFT:  2.00W  GRAD.:   166.756 HEAT: -23288.05
 CYCLE:    19 TIME: 101.598 TIME LEFT:  2.00W  GRAD.:   161.913 HEAT: -23312.11
 CYCLE:    20 TIME:  95.996 TIME LEFT:  2.00W  GRAD.:   214.905 HEAT: -23330.50
 CYCLE:    21 TIME:  76.510 TIME LEFT:  2.00W  GRAD.:   129.673 HEAT: -23346.04
 CYCLE:    22 TIME:  79.553 TIME LEFT:  2.00W  GRAD.:   123.471 HEAT: -23359.34
 CYCLE:    23 TIME:  88.729 TIME LEFT:  2.00W  GRAD.:   156.123 HEAT: -23373.47
 CYCLE:    24 TIME:  93.254 TIME LEFT:  2.00W  GRAD.:   251.520 HEAT: -23388.48
 CYCLE:    25 TIME:  81.615 TIME LEFT:  2.00W  GRAD.:   115.412 HEAT: -23404.79
 CYCLE:    26 TIME:  85.482 TIME LEFT:  2.00W  GRAD.:   111.546 HEAT: -23416.22
 CYCLE:    27 TIME:  83.461 TIME LEFT:  2.00W  GRAD.:   129.575 HEAT: -23426.93
 CYCLE:    28 TIME:  82.523 TIME LEFT:  2.00W  GRAD.:   216.735 HEAT: -23439.43
 CYCLE:    29 TIME:  73.447 TIME LEFT:  2.00W  GRAD.:   157.987 HEAT: -23452.33
 CYCLE:    30 TIME:  82.008 TIME LEFT:  2.00W  GRAD.:   108.530 HEAT: -23462.49
 CYCLE:    31 TIME:  89.025 TIME LEFT:  2.00W  GRAD.:   132.113 HEAT: -23474.23
 CYCLE:    32 TIME:  85.273 TIME LEFT:  2.00W  GRAD.:   146.024 HEAT: -23484.65
 CYCLE:    33 TIME:  84.773 TIME LEFT:  2.00W  GRAD.:   111.345 HEAT: -23498.93
 CYCLE:    34 TIME:  99.117 TIME LEFT:  1.99W  GRAD.:   115.086 HEAT: -23510.26
 CYCLE:    35 TIME:  87.041 TIME LEFT:  1.99W  GRAD.:   115.738 HEAT: -23519.61
 CYCLE:    36 TIME:  84.195 TIME LEFT:  1.99W  GRAD.:   108.199 HEAT: -23526.08
 CYCLE:    37 TIME:  83.367 TIME LEFT:  1.99W  GRAD.:   153.974 HEAT: -23535.86
 CYCLE:    38 TIME:  76.604 TIME LEFT:  1.99W  GRAD.:    96.687 HEAT: -23542.37
 CYCLE:    39 TIME:  83.088 TIME LEFT:  1.99W  GRAD.:    92.891 HEAT: -23549.54
 CYCLE:    40 TIME:  83.133 TIME LEFT:  1.99W  GRAD.:   127.351 HEAT: -23560.49
 CYCLE:    41 TIME:  90.117 TIME LEFT:  1.99W  GRAD.:   167.304 HEAT: -23567.05
 CYCLE:    42 TIME:  59.621 TIME LEFT:  1.99W  GRAD.:    86.586 HEAT: -23573.26
 CYCLE:    43 TIME:  82.242 TIME LEFT:  1.99W  GRAD.:    76.729 HEAT: -23580.05
 CYCLE:    44 TIME:  84.010 TIME LEFT:  1.99W  GRAD.:    93.499 HEAT: -23585.99
 CYCLE:    45 TIME:  89.055 TIME LEFT:  1.99W  GRAD.:   202.439 HEAT: -23590.10
 CYCLE:    46 TIME:  78.275 TIME LEFT:  1.99W  GRAD.:    85.598 HEAT: -23598.02
 CYCLE:    47 TIME:  54.260 TIME LEFT:  1.99W  GRAD.:    70.804 HEAT: -23602.51
 CYCLE:    48 TIME:  97.461 TIME LEFT:  1.99W  GRAD.:   106.896 HEAT: -23603.29
 CYCLE:    49 TIME:  85.086 TIME LEFT:  1.99W  GRAD.:   138.527 HEAT: -23611.01
 CYCLE:    50 TIME:  85.244 TIME LEFT:  1.99W  GRAD.:    85.699 HEAT: -23616.20
 CYCLE:    51 TIME:  82.711 TIME LEFT:  1.99W  GRAD.:    88.220 HEAT: -23622.32
 CYCLE:    52 TIME:  84.602 TIME LEFT:  1.99W  GRAD.:    98.518 HEAT: -23627.70
 CYCLE:    53 TIME:  80.916 TIME LEFT:  1.99W  GRAD.:    91.166 HEAT: -23634.11
 CYCLE:    54 TIME:  89.383 TIME LEFT:  1.99W  GRAD.:   143.148 HEAT: -23636.42
 CYCLE:    55 TIME:  76.729 TIME LEFT:  1.99W  GRAD.:    78.909 HEAT: -23645.69
 CYCLE:    56 TIME:  78.258 TIME LEFT:  1.99W  GRAD.:    79.052 HEAT: -23650.21
 CYCLE:    57 TIME:  82.822 TIME LEFT:  1.99W  GRAD.:   102.606 HEAT: -23656.22
 CYCLE:    58 TIME:  97.320 TIME LEFT:  1.99W  GRAD.:   174.885 HEAT: -23657.37
 CYCLE:    59 TIME:  75.291 TIME LEFT:  1.99W  GRAD.:    79.296 HEAT: -23664.66
 CYCLE:    60 TIME:  74.041 TIME LEFT:  1.99W  GRAD.:    71.694 HEAT: -23670.13
 CYCLE:    61 TIME:  81.039 TIME LEFT:  1.99W  GRAD.:    89.326 HEAT: -23676.28
 CYCLE:    62 TIME:  83.148 TIME LEFT:  1.99W  GRAD.:   168.949 HEAT: -23684.66
 CYCLE:    63 TIME:  80.838 TIME LEFT:  1.99W  GRAD.:    94.380 HEAT: -23690.49
 CYCLE:    64 TIME:  74.197 TIME LEFT:  1.99W  GRAD.:    76.950 HEAT: -23694.66
 CYCLE:    65 TIME:  81.572 TIME LEFT:  1.99W  GRAD.:   100.350 HEAT: -23700.70
 CYCLE:    66 TIME:  96.678 TIME LEFT:  1.99W  GRAD.:   141.317 HEAT: -23704.85
 CYCLE:    67 TIME:  72.729 TIME LEFT:  1.99W  GRAD.:    89.147 HEAT: -23713.15
 CYCLE:    68 TIME:  82.775 TIME LEFT:  1.99W  GRAD.:    76.681 HEAT: -23718.57
 CYCLE:    69 TIME:  86.836 TIME LEFT:  1.99W  GRAD.:    99.939 HEAT: -23722.39
 CYCLE:    70 TIME:  84.508 TIME LEFT:  1.99W  GRAD.:    95.174 HEAT: -23726.21
 CYCLE:    71 TIME:  84.354 TIME LEFT:  1.99W  GRAD.:    92.800 HEAT: -23730.87
 CYCLE:    72 TIME:  75.852 TIME LEFT:  1.99W  GRAD.:    79.719 HEAT: -23737.36
 CYCLE:    73 TIME:  80.682 TIME LEFT:  1.99W  GRAD.:    73.337 HEAT: -23741.69
 CYCLE:    74 TIME:  78.117 TIME LEFT:  1.99W  GRAD.:   109.132 HEAT: -23745.65
 CYCLE:    75 TIME:  93.025 TIME LEFT:  1.99W  GRAD.:    72.719 HEAT: -23745.89
 CYCLE:    76 TIME:  71.900 TIME LEFT:  1.99W  GRAD.:    64.052 HEAT: -23749.40
 CYCLE:    77 TIME:  76.305 TIME LEFT:  1.99W  GRAD.:    64.777 HEAT: -23752.15
 CYCLE:    78 TIME:  78.025 TIME LEFT:  1.99W  GRAD.:    81.510 HEAT: -23758.10
 CYCLE:    79 TIME:  79.557 TIME LEFT:  1.99W  GRAD.:    97.721 HEAT: -23761.92
 CYCLE:    80 TIME:  69.432 TIME LEFT:  1.99W  GRAD.:    61.290 HEAT: -23764.68
 CYCLE:    81 TIME:  80.836 TIME LEFT:  1.99W  GRAD.:    65.320 HEAT: -23768.00
 CYCLE:    82 TIME:  93.242 TIME LEFT:  1.99W  GRAD.:    97.666 HEAT: -23770.41
 CYCLE:    83 TIME:  79.463 TIME LEFT:  1.99W  GRAD.:    71.632 HEAT: -23773.81
 CYCLE:    84 TIME:  79.150 TIME LEFT:  1.99W  GRAD.:    60.524 HEAT: -23777.10
 RESTART FILE WRITTEN,      TIME LEFT:  1.99W  GRAD.:   100.632 HEAT: -23780.48
 CYCLE:    86 TIME:  79.354 TIME LEFT:  1.99W  GRAD.:    71.116 HEAT: -23783.79
 CYCLE:    87 TIME: 109.834 TIME LEFT:  1.99W  GRAD.:    61.916 HEAT: -23787.73
 CYCLE:    88 TIME:  84.086 TIME LEFT:  1.99W  GRAD.:    76.639 HEAT: -23790.62
 CYCLE:    89 TIME:  81.635 TIME LEFT:  1.99W  GRAD.:    89.251 HEAT: -23792.64
 CYCLE:    90 TIME:  75.244 TIME LEFT:  1.99W  GRAD.:    59.302 HEAT: -23796.04
 CYCLE:    91 TIME:  81.008 TIME LEFT:  1.99W  GRAD.:    57.318 HEAT: -23799.86
 CYCLE:    92 TIME:  88.025 TIME LEFT:  1.99W  GRAD.:    79.652 HEAT: -23801.07
 CYCLE:    93 TIME:  80.695 TIME LEFT:  1.99W  GRAD.:    58.574 HEAT: -23803.71
 CYCLE:    94 TIME:  83.760 TIME LEFT:  1.99W  GRAD.:    59.253 HEAT: -23805.95
 CYCLE:    95 TIME:  82.492 TIME LEFT:  1.99W  GRAD.:    78.450 HEAT: -23808.20
 CYCLE:    96 TIME:  75.025 TIME LEFT:  1.99W  GRAD.:    57.047 HEAT: -23810.58
 CYCLE:    97 TIME:  83.633 TIME LEFT:  1.99W  GRAD.:    57.129 HEAT: -23812.93
 CYCLE:    98 TIME:  75.338 TIME LEFT:  1.99W  GRAD.:    83.010 HEAT: -23815.85
 CYCLE:    99 TIME:  72.885 TIME LEFT:  1.99W  GRAD.:    56.670 HEAT: -23818.19
 CYCLE:   100 TIME:  81.416 TIME LEFT:  1.99W  GRAD.:    51.895 HEAT: -23821.32
 CYCLE:   101 TIME:  98.600 TIME LEFT:  1.99W  GRAD.:    71.421 HEAT: -23824.43
 CYCLE:   102 TIME:  84.275 TIME LEFT:  1.99W  GRAD.:    60.762 HEAT: -23827.76
 CYCLE:   103 TIME: 106.381 TIME LEFT:  1.99W  GRAD.:   102.082 HEAT: -23827.95
 CYCLE:   104 TIME:  77.088 TIME LEFT:  1.99W  GRAD.:    52.471 HEAT: -23830.89
 CYCLE:   105 TIME:  72.727 TIME LEFT:  1.99W  GRAD.:    47.545 HEAT: -23832.96
 CYCLE:   106 TIME:  89.072 TIME LEFT:  1.99W  GRAD.:    64.689 HEAT: -23834.07
 CYCLE:   107 TIME:  91.930 TIME LEFT:  1.98W  GRAD.:    79.963 HEAT: -23835.34
 CYCLE:   108 TIME:  76.572 TIME LEFT:  1.98W  GRAD.:    48.557 HEAT: -23838.10
 CYCLE:   109 TIME:  83.336 TIME LEFT:  1.98W  GRAD.:    50.802 HEAT: -23840.62
 CYCLE:   110 TIME:  78.322 TIME LEFT:  1.98W  GRAD.:    62.737 HEAT: -23843.76
 CYCLE:   111 TIME:  86.930 TIME LEFT:  1.98W  GRAD.:    62.123 HEAT: -23845.20
 CYCLE:   112 TIME:  83.242 TIME LEFT:  1.98W  GRAD.:    52.003 HEAT: -23846.74
 CYCLE:   113 TIME:  85.869 TIME LEFT:  1.98W  GRAD.:    50.062 HEAT: -23847.63
 CYCLE:   114 TIME:  82.883 TIME LEFT:  1.98W  GRAD.:    56.300 HEAT: -23848.64
 CYCLE:   115 TIME:  85.338 TIME LEFT:  1.98W  GRAD.:    78.397 HEAT: -23851.31
 CYCLE:   116 TIME:  98.396 TIME LEFT:  1.98W  GRAD.:    50.795 HEAT: -23853.84
 CYCLE:   117 TIME:  84.305 TIME LEFT:  1.98W  GRAD.:    45.722 HEAT: -23855.69
 CYCLE:   118 TIME:  89.355 TIME LEFT:  1.98W  GRAD.:    59.292 HEAT: -23854.05
 CYCLE:   119 TIME:  88.570 TIME LEFT:  1.98W  GRAD.:    89.694 HEAT: -23855.28
 CYCLE:   120 TIME:  74.258 TIME LEFT:  1.98W  GRAD.:    49.685 HEAT: -23857.69
 CYCLE:   121 TIME:  82.352 TIME LEFT:  1.98W  GRAD.:    42.975 HEAT: -23858.98
 CYCLE:   122 TIME:  80.602 TIME LEFT:  1.98W  GRAD.:    53.859 HEAT: -23860.40
 CYCLE:   123 TIME:  88.840 TIME LEFT:  1.98W  GRAD.:    85.801 HEAT: -23861.42
 CYCLE:   124 TIME: 117.410 TIME LEFT:  1.98W  GRAD.:    48.114 HEAT: -23863.14
 CYCLE:   125 TIME:  80.512 TIME LEFT:  1.98W  GRAD.:    45.575 HEAT: -23862.75
 CYCLE:   126 TIME:  80.289 TIME LEFT:  1.98W  GRAD.:    57.417 HEAT: -23862.89
 CYCLE:   127 TIME:  83.820 TIME LEFT:  1.98W  GRAD.:    72.147 HEAT: -23866.01
 CYCLE:   128 TIME:  80.414 TIME LEFT:  1.98W  GRAD.:    48.383 HEAT: -23868.30
 CYCLE:   129 TIME:  82.211 TIME LEFT:  1.98W  GRAD.:    46.475 HEAT: -23869.26
 CYCLE:   130 TIME:  79.324 TIME LEFT:  1.98W  GRAD.:    55.295 HEAT: -23871.06
 CYCLE:   131 TIME:  90.023 TIME LEFT:  1.98W  GRAD.:    74.063 HEAT: -23870.64
 CYCLE:   132 TIME:  82.633 TIME LEFT:  1.98W  GRAD.:    50.004 HEAT: -23872.40
 CYCLE:   133 TIME:  83.570 TIME LEFT:  1.98W  GRAD.:    45.057 HEAT: -23872.91
 CYCLE:   134 TIME:  80.340 TIME LEFT:  1.98W  GRAD.:    52.903 HEAT: -23875.47
 CYCLE:   135 TIME:  91.922 TIME LEFT:  1.98W  GRAD.:    67.126 HEAT: -23875.48
 CYCLE:   136 TIME:  81.641 TIME LEFT:  1.98W  GRAD.:    49.598 HEAT: -23876.53
 CYCLE:   137 TIME:  84.410 TIME LEFT:  1.98W  GRAD.:    50.613 HEAT: -23878.53
 CYCLE:   138 TIME:  86.199 TIME LEFT:  1.98W  GRAD.:    54.120 HEAT: -23879.73
 CYCLE:   139 TIME:  83.648 TIME LEFT:  1.98W  GRAD.:    49.728 HEAT: -23881.49
 CYCLE:   140 TIME:  88.039 TIME LEFT:  1.98W  GRAD.:    54.715 HEAT: -23885.18
 CYCLE:   141 TIME:  83.949 TIME LEFT:  1.98W  GRAD.:    63.601 HEAT: -23885.99
 CYCLE:   142 TIME:  83.293 TIME LEFT:  1.98W  GRAD.:    46.967 HEAT: -23887.77
 CYCLE:   143 TIME:  85.070 TIME LEFT:  1.98W  GRAD.:    47.417 HEAT: -23889.98
 CYCLE:   144 TIME:  91.781 TIME LEFT:  1.98W  GRAD.:    73.418 HEAT: -23890.37
 CYCLE:   145 TIME:  87.727 TIME LEFT:  1.98W  GRAD.:    49.879 HEAT: -23891.45
 CYCLE:   146 TIME:  85.391 TIME LEFT:  1.98W  GRAD.:    45.433 HEAT: -23892.64
 CYCLE:   147 TIME:  80.957 TIME LEFT:  1.98W  GRAD.:    63.432 HEAT: -23894.26
 CYCLE:   148 TIME: 111.629 TIME LEFT:  1.98W  GRAD.:    48.761 HEAT: -23895.24
 CYCLE:   149 TIME: 108.492 TIME LEFT:  1.98W  GRAD.:    51.096 HEAT: -23896.11
 CYCLE:   150 TIME:  90.137 TIME LEFT:  1.98W  GRAD.: 58500.840 HEAT: -23895.67
 CYCLE:   151 TIME:  80.125 TIME LEFT:  1.98W  GRAD.:   339.277 HEAT: -23868.61
 CYCLE:   152 TIME:  97.141 TIME LEFT:  1.98W  GRAD.:   162.779 HEAT: -23888.38
 CYCLE:   153 TIME:  81.941 TIME LEFT:  1.98W  GRAD.:   134.425 HEAT: -23887.88
 CYCLE:   154 TIME:  87.977 TIME LEFT:  1.98W  GRAD.:   224.060 HEAT: -23890.66
 CYCLE:   155 TIME:  83.922 TIME LEFT:  1.98W  GRAD.:   343.919 HEAT: -23873.96
 CYCLE:   156 TIME:  82.941 TIME LEFT:  1.98W  GRAD.:   434.355 HEAT: -23868.41
 CYCLE:   157 TIME:  83.914 TIME LEFT:  1.98W  GRAD.:   446.233 HEAT: -23860.41
 CYCLE:   158 TIME:  84.086 TIME LEFT:  1.98W  GRAD.:   556.111 HEAT: -23851.86
 CYCLE:   159 TIME:  75.574 TIME LEFT:  1.98W  GRAD.:   654.068 HEAT: -23825.31
 CYCLE:   160 TIME:  83.914 TIME LEFT:  1.98W  GRAD.:   300.007 HEAT: -23855.89
 CYCLE:   161 TIME: 103.211 TIME LEFT:  1.98W  GRAD.:   295.819 HEAT: -23888.17
 CYCLE:   162 TIME: 105.414 TIME LEFT:  1.98W  GRAD.:   216.165 HEAT: -23892.01
 CYCLE:   163 TIME:  81.684 TIME LEFT:  1.98W  GRAD.:   315.236 HEAT: -23854.94
 CYCLE:   164 TIME: 121.023 TIME LEFT:  1.98W  GRAD.:   164.180 HEAT: -23896.08
 CYCLE:   165 TIME:  96.426 TIME LEFT:  1.98W  GRAD.:   339.566 HEAT: -23889.51
 CYCLE:   166 TIME:  96.078 TIME LEFT:  1.98W  GRAD.:   129.425 HEAT: -23900.86
 CYCLE:   167 TIME:  83.809 TIME LEFT:  1.98W  GRAD.:    34.122 HEAT: -23904.32
 CYCLE:   168 TIME:  85.305 TIME LEFT:  1.98W  GRAD.:    53.044 HEAT: -23905.02
 RESTART FILE WRITTEN,      TIME LEFT:  1.98W  GRAD.:    41.354 HEAT: -23905.71
 CYCLE:   170 TIME:  88.422 TIME LEFT:  1.98W  GRAD.:    46.728 HEAT: -23906.45
 CYCLE:   171 TIME:  79.668 TIME LEFT:  1.98W  GRAD.:    56.776 HEAT: -23908.19
 CYCLE:   172 TIME:  82.293 TIME LEFT:  1.98W  GRAD.:    67.797 HEAT: -23908.86
 CYCLE:   173 TIME:  86.887 TIME LEFT:  1.98W  GRAD.:    52.160 HEAT: -23910.56
 CYCLE:   174 TIME:  81.777 TIME LEFT:  1.98W  GRAD.:    36.372 HEAT: -23911.88
 CYCLE:   175 TIME:  81.023 TIME LEFT:  1.98W  GRAD.:    46.547 HEAT: -23911.53
 CYCLE:   176 TIME:  82.641 TIME LEFT:  1.98W  GRAD.:    58.628 HEAT: -23912.18
 CYCLE:   177 TIME:  80.391 TIME LEFT:  1.97W  GRAD.:    57.780 HEAT: -23913.87
 CYCLE:   178 TIME:  82.785 TIME LEFT:  1.97W  GRAD.:    42.632 HEAT: -23915.38
 CYCLE:   179 TIME:  80.887 TIME LEFT:  1.97W  GRAD.:    43.746 HEAT: -23916.72
 CYCLE:   180 TIME:  79.562 TIME LEFT:  1.97W  GRAD.:    54.885 HEAT: -23917.12
 CYCLE:   181 TIME:  87.578 TIME LEFT:  1.97W  GRAD.:    52.730 HEAT: -23917.82
 CYCLE:   182 TIME:  79.246 TIME LEFT:  1.97W  GRAD.:    46.613 HEAT: -23919.62
 CYCLE:   183 TIME:  73.254 TIME LEFT:  1.97W  GRAD.:    41.389 HEAT: -23920.18
 CYCLE:   184 TIME:  84.879 TIME LEFT:  1.97W  GRAD.:    51.672 HEAT: -23921.92
 CYCLE:   185 TIME:  82.227 TIME LEFT:  1.97W  GRAD.:    76.226 HEAT: -23922.75
 CYCLE:   186 TIME:  73.301 TIME LEFT:  1.97W  GRAD.:    40.916 HEAT: -23924.70
 CYCLE:   187 TIME:  77.797 TIME LEFT:  1.97W  GRAD.:    40.659 HEAT: -23926.48
 CYCLE:   188 TIME:  92.332 TIME LEFT:  1.97W  GRAD.:    50.442 HEAT: -23927.88
 CYCLE:   189 TIME:  89.062 TIME LEFT:  1.97W  GRAD.:    97.554 HEAT: -23929.15
 CYCLE:   190 TIME:  81.012 TIME LEFT:  1.97W  GRAD.:    46.218 HEAT: -23931.04
 CYCLE:   191 TIME:  71.598 TIME LEFT:  1.97W  GRAD.:    39.359 HEAT: -23932.90
 CYCLE:   192 TIME:  78.258 TIME LEFT:  1.97W  GRAD.:    44.794 HEAT: -23934.64
 CYCLE:   193 TIME:  85.535 TIME LEFT:  1.97W  GRAD.:    92.664 HEAT: -23935.55
 CYCLE:   194 TIME:  81.996 TIME LEFT:  1.97W  GRAD.:    54.278 HEAT: -23936.72
 CYCLE:   195 TIME:  70.504 TIME LEFT:  1.97W  GRAD.:    38.445 HEAT: -23938.17
 CYCLE:   196 TIME:  87.008 TIME LEFT:  1.97W  GRAD.:    57.336 HEAT: -23938.62
 CYCLE:   197 TIME:  74.980 TIME LEFT:  1.97W  GRAD.:    46.491 HEAT: -23939.84
 CYCLE:   198 TIME:  73.922 TIME LEFT:  1.97W  GRAD.:    34.604 HEAT: -23941.56
 CYCLE:   199 TIME:  77.902 TIME LEFT:  1.97W  GRAD.:    35.598 HEAT: -23942.23
 CYCLE:   200 TIME:  81.543 TIME LEFT:  1.97W  GRAD.:    37.552 HEAT: -23942.02
 CYCLE:   201 TIME:  80.527 TIME LEFT:  1.97W  GRAD.:    40.822 HEAT: -23943.21
 CYCLE:   202 TIME:  73.047 TIME LEFT:  1.97W  GRAD.:    45.023 HEAT: -23943.82
 CYCLE:   203 TIME:  69.875 TIME LEFT:  1.97W  GRAD.:    30.478 HEAT: -23945.10
 CYCLE:   204 TIME:  84.953 TIME LEFT:  1.97W  GRAD.:    33.466 HEAT: -23945.64
 CYCLE:   205 TIME:  80.383 TIME LEFT:  1.97W  GRAD.:    54.199 HEAT: -23946.45
 CYCLE:   206 TIME:  70.508 TIME LEFT:  1.97W  GRAD.:    34.263 HEAT: -23946.31
 CYCLE:   207 TIME:  81.457 TIME LEFT:  1.97W  GRAD.:    28.124 HEAT: -23947.27
 CYCLE:   208 TIME: 116.910 TIME LEFT:  1.97W  GRAD.:    38.426 HEAT: -23947.75
 CYCLE:   209 TIME:  79.934 TIME LEFT:  1.97W  GRAD.:    48.093 HEAT: -23947.29
 CYCLE:   210 TIME:  74.238 TIME LEFT:  1.97W  GRAD.:    35.102 HEAT: -23947.98
 CYCLE:   211 TIME:  80.949 TIME LEFT:  1.97W  GRAD.:    35.038 HEAT: -23949.32
 CYCLE:   212 TIME:  78.527 TIME LEFT:  1.97W  GRAD.:    37.267 HEAT: -23949.74
 CYCLE:   213 TIME:  81.137 TIME LEFT:  1.97W  GRAD.:    34.975 HEAT: -23951.70
 CYCLE:   214 TIME:  86.977 TIME LEFT:  1.97W  GRAD.:    50.949 HEAT: -23951.85
 CYCLE:   215 TIME:  75.668 TIME LEFT:  1.97W  GRAD.:    39.802 HEAT: -23954.03
 CYCLE:   216 TIME:  77.551 TIME LEFT:  1.97W  GRAD.:    32.159 HEAT: -23955.20
 CYCLE:   217 TIME:  88.340 TIME LEFT:  1.97W  GRAD.:    35.102 HEAT: -23955.77
 CYCLE:   218 TIME: 102.086 TIME LEFT:  1.97W  GRAD.:    65.162 HEAT: -23956.07
 CYCLE:   219 TIME:  73.492 TIME LEFT:  1.97W  GRAD.:    35.962 HEAT: -23957.04
 CYCLE:   220 TIME:  79.715 TIME LEFT:  1.97W  GRAD.:    32.554 HEAT: -23959.15
 CYCLE:   221 TIME:  79.680 TIME LEFT:  1.97W  GRAD.:    42.355 HEAT: -23959.25
 CYCLE:   222 TIME:  81.941 TIME LEFT:  1.97W  GRAD.:    46.809 HEAT: -23959.33
 CYCLE:   223 TIME:  75.402 TIME LEFT:  1.97W  GRAD.:    37.239 HEAT: -23960.71
 CYCLE:   224 TIME:  87.594 TIME LEFT:  1.97W  GRAD.:    41.545 HEAT: -23961.67
 CYCLE:   225 TIME:  81.812 TIME LEFT:  1.97W  GRAD.:    46.706 HEAT: -23962.56
 CYCLE:   226 TIME:  77.934 TIME LEFT:  1.97W  GRAD.:    34.593 HEAT: -23963.56
 CYCLE:   227 TIME:  90.625 TIME LEFT:  1.97W  GRAD.:    35.052 HEAT: -23963.00
 CYCLE:   228 TIME:  79.613 TIME LEFT:  1.97W  GRAD.:    52.661 HEAT: -23963.59
 CYCLE:   229 TIME:  91.250 TIME LEFT:  1.97W  GRAD.:    33.411 HEAT: -23964.51
 CYCLE:   230 TIME:  88.863 TIME LEFT:  1.97W  GRAD.:    32.971 HEAT: -23965.55
 CYCLE:   231 TIME:  73.539 TIME LEFT:  1.97W  GRAD.:    44.693 HEAT: -23966.74
 CYCLE:   232 TIME:  85.441 TIME LEFT:  1.97W  GRAD.:    39.820 HEAT: -23967.81
 CYCLE:   233 TIME:  84.473 TIME LEFT:  1.97W  GRAD.:    56.084 HEAT: -23969.32
 CYCLE:   234 TIME:  73.574 TIME LEFT:  1.97W  GRAD.:    30.382 HEAT: -23970.07
 CYCLE:   235 TIME:  78.566 TIME LEFT:  1.97W  GRAD.:    30.411 HEAT: -23970.11
 CYCLE:   236 TIME:  96.074 TIME LEFT:  1.97W  GRAD.:    51.600 HEAT: -23971.40
 CYCLE:   237 TIME:  76.711 TIME LEFT:  1.97W  GRAD.:    46.951 HEAT: -23972.31
 CYCLE:   238 TIME:  74.648 TIME LEFT:  1.97W  GRAD.:    28.112 HEAT: -23972.71
 CYCLE:   239 TIME:  78.801 TIME LEFT:  1.97W  GRAD.:    29.708 HEAT: -23973.96
 CYCLE:   240 TIME:  76.309 TIME LEFT:  1.97W  GRAD.:    37.746 HEAT: -23975.23
 CYCLE:   241 TIME:  87.859 TIME LEFT:  1.97W  GRAD.:    33.323 HEAT: -23975.82
 CYCLE:   242 TIME:  86.344 TIME LEFT:  1.97W  GRAD.:    28.436 HEAT: -23975.64
 CYCLE:   243 TIME:  80.051 TIME LEFT:  1.97W  GRAD.:    32.420 HEAT: -23976.09
 CYCLE:   244 TIME:  86.473 TIME LEFT:  1.97W  GRAD.:    31.259 HEAT: -23976.93
 CYCLE:   245 TIME:  89.281 TIME LEFT:  1.97W  GRAD.:    31.058 HEAT: -23977.80
 CYCLE:   246 TIME:  80.473 TIME LEFT:  1.97W  GRAD.:    46.752 HEAT: -23978.27
 CYCLE:   247 TIME:  72.645 TIME LEFT:  1.97W  GRAD.:    27.412 HEAT: -23978.57
 CYCLE:   248 TIME:  97.336 TIME LEFT:  1.97W  GRAD.:    30.605 HEAT: -23979.29
 CYCLE:   249 TIME:  82.074 TIME LEFT:  1.97W  GRAD.:    34.188 HEAT: -23980.09
 CYCLE:   250 TIME: 104.934 TIME LEFT:  1.97W  GRAD.:    39.550 HEAT: -23980.75
 CYCLE:   251 TIME:  85.109 TIME LEFT:  1.96W  GRAD.:    39.828 HEAT: -23981.75
 CYCLE:   252 TIME:  75.977 TIME LEFT:  1.96W  GRAD.:    30.354 HEAT: -23982.52
 CYCLE:   253 TIME:  81.348 TIME LEFT:  1.96W  GRAD.:    31.009 HEAT: -23982.46
 CYCLE:   254 TIME:  82.590 TIME LEFT:  1.96W  GRAD.:    47.077 HEAT: -23983.46
 CYCLE:   255 TIME:  83.035 TIME LEFT:  1.96W  GRAD.:    32.936 HEAT: -23984.23
 CYCLE:   256 TIME:  82.242 TIME LEFT:  1.96W  GRAD.:    32.597 HEAT: -23985.14
 RESTART FILE WRITTEN,      TIME LEFT:  1.96W  GRAD.:    39.374 HEAT: -23984.97
 CYCLE:   258 TIME:  81.172 TIME LEFT:  1.96W  GRAD.:    36.022 HEAT: -23985.17
 CYCLE:   259 TIME:  80.492 TIME LEFT:  1.96W  GRAD.:    49.259 HEAT: -23987.05
 CYCLE:   260 TIME:  81.062 TIME LEFT:  1.96W  GRAD.:    30.342 HEAT: -23987.27
 CYCLE:   261 TIME:  81.785 TIME LEFT:  1.96W  GRAD.:    32.536 HEAT: -23990.01
 CYCLE:   262 TIME:  81.309 TIME LEFT:  1.96W  GRAD.:    50.899 HEAT: -23990.29
 CYCLE:   263 TIME:  87.582 TIME LEFT:  1.96W  GRAD.:    40.122 HEAT: -23990.84
 CYCLE:   264 TIME:  81.137 TIME LEFT:  1.96W  GRAD.:    35.330 HEAT: -23992.35
 CYCLE:   265 TIME:  98.062 TIME LEFT:  1.96W  GRAD.:    49.433 HEAT: -23993.31
 CYCLE:   266 TIME:  73.441 TIME LEFT:  1.96W  GRAD.:    36.754 HEAT: -23994.12
 CYCLE:   267 TIME:  86.590 TIME LEFT:  1.96W  GRAD.:    35.869 HEAT: -23995.84
 CYCLE:   268 TIME:  82.695 TIME LEFT:  1.96W  GRAD.:    50.293 HEAT: -23996.03
 CYCLE:   269 TIME:  95.129 TIME LEFT:  1.96W  GRAD.:    36.235 HEAT: -23996.61
 CYCLE:   270 TIME:  89.418 TIME LEFT:  1.96W  GRAD.:    35.610 HEAT: -23997.67
 CYCLE:   271 TIME:  87.957 TIME LEFT:  1.96W  GRAD.:    52.584 HEAT: -23998.29
 CYCLE:   272 TIME:  74.602 TIME LEFT:  1.96W  GRAD.:    37.591 HEAT: -24000.07
 CYCLE:   273 TIME:  95.363 TIME LEFT:  1.96W  GRAD.:    59.118 HEAT: -23999.50
 CYCLE:   274 TIME:  80.035 TIME LEFT:  1.96W  GRAD.:    37.193 HEAT: -24001.21
 CYCLE:   275 TIME:  82.520 TIME LEFT:  1.96W  GRAD.:    34.671 HEAT: -24001.87
 CYCLE:   276 TIME:  77.742 TIME LEFT:  1.96W  GRAD.:    34.867 HEAT: -24002.57
 CYCLE:   277 TIME:  95.445 TIME LEFT:  1.96W  GRAD.:    40.432 HEAT: -24002.76
 CYCLE:   278 TIME:  84.969 TIME LEFT:  1.96W  GRAD.:    63.246 HEAT: -24003.44
 CYCLE:   279 TIME:  61.484 TIME LEFT:  1.96W  GRAD.:    33.805 HEAT: -24005.36
 CYCLE:   280 TIME:  70.035 TIME LEFT:  1.96W  GRAD.:    28.821 HEAT: -24005.94
 CYCLE:   281 TIME:  86.285 TIME LEFT:  1.96W  GRAD.:    46.869 HEAT: -24007.03
 CYCLE:   282 TIME:  79.746 TIME LEFT:  1.96W  GRAD.:    54.192 HEAT: -24009.39
 CYCLE:   283 TIME:  73.395 TIME LEFT:  1.96W  GRAD.:    33.327 HEAT: -24010.47
 CYCLE:   284 TIME:  81.750 TIME LEFT:  1.96W  GRAD.:    33.804 HEAT: -24011.59
 CYCLE:   285 TIME:  80.004 TIME LEFT:  1.96W  GRAD.:    46.311 HEAT: -24011.65
 CYCLE:   286 TIME:  79.875 TIME LEFT:  1.96W  GRAD.:    38.281 HEAT: -24012.16
 CYCLE:   287 TIME:  79.262 TIME LEFT:  1.96W  GRAD.:    46.043 HEAT: -24014.82
 CYCLE:   288 TIME:  80.059 TIME LEFT:  1.96W  GRAD.:    45.658 HEAT: -24014.90
 CYCLE:   289 TIME:  70.914 TIME LEFT:  1.96W  GRAD.:    33.772 HEAT: -24016.03
 CYCLE:   290 TIME:  81.309 TIME LEFT:  1.96W  GRAD.:    33.677 HEAT: -24016.87
 CYCLE:   291 TIME:  82.168 TIME LEFT:  1.96W  GRAD.:    48.533 HEAT: -24017.76
 CYCLE:   292 TIME:  82.766 TIME LEFT:  1.96W  GRAD.:    33.947 HEAT: -24018.30
 CYCLE:   293 TIME:  79.535 TIME LEFT:  1.96W  GRAD.:    31.674 HEAT: -24020.12
 CYCLE:   294 TIME:  82.070 TIME LEFT:  1.96W  GRAD.:    46.900 HEAT: -24020.91
 CYCLE:   295 TIME:  80.816 TIME LEFT:  1.96W  GRAD.:    38.310 HEAT: -24021.08
 CYCLE:   296 TIME:  82.500 TIME LEFT:  1.96W  GRAD.:    31.233 HEAT: -24021.47
 CYCLE:   297 TIME:  86.160 TIME LEFT:  1.96W  GRAD.:    42.670 HEAT: -24022.18
 CYCLE:   298 TIME:  82.859 TIME LEFT:  1.96W  GRAD.:    44.812 HEAT: -24022.74
 CYCLE:   299 TIME:  82.410 TIME LEFT:  1.96W  GRAD.:    33.928 HEAT: -24023.09
 CYCLE:   300 TIME:  81.844 TIME LEFT:  1.96W  GRAD.:    34.349 HEAT: -24023.74
 CYCLE:   301 TIME:  82.223 TIME LEFT:  1.96W  GRAD.:    45.966 HEAT: -24023.37
 CYCLE:   302 TIME:  80.398 TIME LEFT:  1.96W  GRAD.:    35.434 HEAT: -24024.53
 CYCLE:   303 TIME:  85.242 TIME LEFT:  1.96W  GRAD.:    44.039 HEAT: -24025.70
 CYCLE:   304 TIME:  84.109 TIME LEFT:  1.96W  GRAD.:    37.705 HEAT: -24026.92
 CYCLE:   305 TIME:  74.969 TIME LEFT:  1.96W  GRAD.:    32.676 HEAT: -24027.61
 CYCLE:   306 TIME:  79.508 TIME LEFT:  1.96W  GRAD.:    41.198 HEAT: -24029.45
 CYCLE:   307 TIME: 108.730 TIME LEFT:  1.96W  GRAD.:    45.172 HEAT: -24030.41
 CYCLE:   308 TIME:  71.617 TIME LEFT:  1.96W  GRAD.:    30.975 HEAT: -24031.06
 CYCLE:   309 TIME:  80.348 TIME LEFT:  1.96W  GRAD.:    28.288 HEAT: -24032.19
 CYCLE:   310 TIME:  73.730 TIME LEFT:  1.96W  GRAD.:    40.835 HEAT: -24032.39
 CYCLE:   311 TIME:  81.438 TIME LEFT:  1.96W  GRAD.:    30.748 HEAT: -24032.83
 CYCLE:   312 TIME:  80.148 TIME LEFT:  1.96W  GRAD.:    29.731 HEAT: -24033.51
 CYCLE:   313 TIME:  83.016 TIME LEFT:  1.96W  GRAD.:    33.906 HEAT: -24033.60
 CYCLE:   314 TIME:  75.324 TIME LEFT:  1.96W  GRAD.:    26.401 HEAT: -24034.56
 CYCLE:   315 TIME:  71.523 TIME LEFT:  1.96W  GRAD.:    30.316 HEAT: -24034.71
 CYCLE:   316 TIME:  70.230 TIME LEFT:  1.96W  GRAD.:    36.697 HEAT: -24035.67
 CYCLE:   317 TIME:  70.520 TIME LEFT:  1.96W  GRAD.:    26.977 HEAT: -24036.16
 CYCLE:   318 TIME:  81.770 TIME LEFT:  1.96W  GRAD.:    27.085 HEAT: -24036.88
 CYCLE:   319 TIME:  75.867 TIME LEFT:  1.96W  GRAD.:    27.939 HEAT: -24037.24
 CYCLE:   320 TIME:  71.816 TIME LEFT:  1.96W  GRAD.:    23.569 HEAT: -24037.46
 CYCLE:   321 TIME:  81.453 TIME LEFT:  1.96W  GRAD.:    27.061 HEAT: -24038.05
 CYCLE:   322 TIME:  73.219 TIME LEFT:  1.96W  GRAD.:    28.567 HEAT: -24038.72
 CYCLE:   323 TIME:  72.535 TIME LEFT:  1.96W  GRAD.:    23.689 HEAT: -24039.22
 CYCLE:   324 TIME:  86.121 TIME LEFT:  1.96W  GRAD.:    31.181 HEAT: -24038.92
 CYCLE:   325 TIME:  69.875 TIME LEFT:  1.96W  GRAD.:    24.229 HEAT: -24039.13
 CYCLE:   326 TIME:  72.508 TIME LEFT:  1.95W  GRAD.:    20.350 HEAT: -24040.07
 CYCLE:   327 TIME:  78.703 TIME LEFT:  1.95W  GRAD.:    35.920 HEAT: -24039.02
 CYCLE:   328 TIME:  70.332 TIME LEFT:  1.95W  GRAD.:    31.465 HEAT: -24039.44
 CYCLE:   329 TIME:  65.129 TIME LEFT:  1.95W  GRAD.:    20.067 HEAT: -24039.64
 CYCLE:   330 TIME:  80.590 TIME LEFT:  1.95W  GRAD.:    21.579 HEAT: -24040.61
 CYCLE:   331 TIME:  71.332 TIME LEFT:  1.95W  GRAD.:    22.592 HEAT: -24040.87
 CYCLE:   332 TIME:  70.023 TIME LEFT:  1.95W  GRAD.:    21.781 HEAT: -24041.49
 CYCLE:   333 TIME:  72.898 TIME LEFT:  1.95W  GRAD.:    28.250 HEAT: -24041.12
 CYCLE:   334 TIME:  74.000 TIME LEFT:  1.95W  GRAD.:    19.646 HEAT: -24040.11
 CYCLE:   335 TIME:  72.293 TIME LEFT:  1.95W  GRAD.:    20.815 HEAT: -24040.39
 CYCLE:   336 TIME:  79.949 TIME LEFT:  1.95W  GRAD.:    22.654 HEAT: -24040.33
 CYCLE:   337 TIME:  75.773 TIME LEFT:  1.95W  GRAD.:    24.844 HEAT: -24039.86
 CYCLE:   338 TIME:  70.059 TIME LEFT:  1.95W  GRAD.:    23.068 HEAT: -24041.46
 CYCLE:   339 TIME:  73.414 TIME LEFT:  1.95W  GRAD.:    21.562 HEAT: -24040.67
 CYCLE:   340 TIME:  74.750 TIME LEFT:  1.95W  GRAD.:    22.904 HEAT: -24040.84
 CYCLE:   341 TIME:  71.320 TIME LEFT:  1.95W  GRAD.:    34.508 HEAT: -24041.54
 CYCLE:   342 TIME:  74.395 TIME LEFT:  1.95W  GRAD.:    19.182 HEAT: -24040.98
 CYCLE:   343 TIME:  77.297 TIME LEFT:  1.95W  GRAD.:    20.167 HEAT: -24041.93
 CYCLE:   344 TIME:  79.410 TIME LEFT:  1.95W  GRAD.:    29.515 HEAT: -24042.77
 CYCLE:   345 TIME:  73.336 TIME LEFT:  1.95W  GRAD.:    24.457 HEAT: -24043.31
 CYCLE:   346 TIME:  72.969 TIME LEFT:  1.95W  GRAD.:    23.158 HEAT: -24043.47
 CYCLE:   347 TIME:  73.203 TIME LEFT:  1.95W  GRAD.:    24.710 HEAT: -24044.39
 CYCLE:   348 TIME:  71.359 TIME LEFT:  1.95W  GRAD.:    20.802 HEAT: -24044.88
 RESTART FILE WRITTEN,      TIME LEFT:  1.95W  GRAD.:    21.717 HEAT: -24044.87
 CYCLE:   350 TIME:  79.949 TIME LEFT:  1.95W  GRAD.:    34.483 HEAT: -24044.66
 CYCLE:   351 TIME:  80.672 TIME LEFT:  1.95W  GRAD.:    22.754 HEAT: -24044.58
 CYCLE:   352 TIME:  72.297 TIME LEFT:  1.95W  GRAD.:    19.344 HEAT: -24044.92
 CYCLE:   353 TIME:  80.375 TIME LEFT:  1.95W  GRAD.:    24.170 HEAT: -24045.95
 CYCLE:   354 TIME:  93.492 TIME LEFT:  1.95W  GRAD.:    28.918 HEAT: -24045.78
 CYCLE:   355 TIME:  76.195 TIME LEFT:  1.95W  GRAD.:    19.277 HEAT: -24046.99
 CYCLE:   356 TIME:  70.465 TIME LEFT:  1.95W  GRAD.:    25.065 HEAT: -24045.60
 CYCLE:   357 TIME:  73.562 TIME LEFT:  1.95W  GRAD.:    26.204 HEAT: -24046.07
 CYCLE:   358 TIME:  72.766 TIME LEFT:  1.95W  GRAD.:    19.722 HEAT: -24046.39
 CYCLE:   359 TIME:  78.566 TIME LEFT:  1.95W  GRAD.:    23.289 HEAT: -24046.20
 CYCLE:   360 TIME:  73.344 TIME LEFT:  1.95W  GRAD.:    35.514 HEAT: -24046.12
 CYCLE:   361 TIME:  70.855 TIME LEFT:  1.95W  GRAD.:    21.781 HEAT: -24047.28
 CYCLE:   362 TIME:  79.621 TIME LEFT:  1.95W  GRAD.:    22.829 HEAT: -24047.59
 CYCLE:   363 TIME:  72.723 TIME LEFT:  1.95W  GRAD.:    21.919 HEAT: -24047.32
 CYCLE:   364 TIME:  74.898 TIME LEFT:  1.95W  GRAD.:    18.605 HEAT: -24046.53
 CYCLE:   365 TIME:  80.832 TIME LEFT:  1.95W  GRAD.:    36.329 HEAT: -24046.09
 CYCLE:   366 TIME:  71.832 TIME LEFT:  1.95W  GRAD.:    21.315 HEAT: -24047.08
 CYCLE:   367 TIME:  72.559 TIME LEFT:  1.95W  GRAD.:    19.619 HEAT: -24047.04
 CYCLE:   368 TIME:  78.559 TIME LEFT:  1.95W  GRAD.:    29.429 HEAT: -24046.82
 CYCLE:   369 TIME:  73.992 TIME LEFT:  1.95W  GRAD.:    30.197 HEAT: -24046.79
 CYCLE:   370 TIME:  80.809 TIME LEFT:  1.95W  GRAD.:    22.665 HEAT: -24048.37
 CYCLE:   371 TIME:  78.746 TIME LEFT:  1.95W  GRAD.:    23.560 HEAT: -24047.69
 CYCLE:   372 TIME:  81.348 TIME LEFT:  1.95W  GRAD.:    34.184 HEAT: -24048.30
 CYCLE:   373 TIME:  78.801 TIME LEFT:  1.95W  GRAD.:    27.657 HEAT: -24047.00
 CYCLE:   374 TIME:  81.457 TIME LEFT:  1.95W  GRAD.:    26.000 HEAT: -24046.46
 CYCLE:   375 TIME:  70.664 TIME LEFT:  1.95W  GRAD.:    28.380 HEAT: -24045.89
 CYCLE:   376 TIME:  72.055 TIME LEFT:  1.95W  GRAD.:    27.862 HEAT: -24046.34
 CYCLE:   377 TIME:  81.125 TIME LEFT:  1.95W  GRAD.:    29.377 HEAT: -24047.43
 CYCLE:   378 TIME:  82.766 TIME LEFT:  1.95W  GRAD.:    25.830 HEAT: -24048.23
 CYCLE:   379 TIME:  86.086 TIME LEFT:  1.95W  GRAD.:    25.961 HEAT: -24048.70
 CYCLE:   380 TIME:  80.691 TIME LEFT:  1.95W  GRAD.:    33.076 HEAT: -24049.33
 CYCLE:   381 TIME:  81.012 TIME LEFT:  1.95W  GRAD.:    23.122 HEAT: -24049.75
 CYCLE:   382 TIME:  78.801 TIME LEFT:  1.95W  GRAD.:    23.030 HEAT: -24049.93
 CYCLE:   383 TIME: 100.711 TIME LEFT:  1.95W  GRAD.:    31.186 HEAT: -24050.19
 CYCLE:   384 TIME:  73.586 TIME LEFT:  1.95W  GRAD.:    38.696 HEAT: -24050.73
 CYCLE:   385 TIME:  73.574 TIME LEFT:  1.95W  GRAD.:    22.303 HEAT: -24051.20
 CYCLE:   386 TIME:  95.461 TIME LEFT:  1.95W  GRAD.:    21.928 HEAT: -24051.61
 CYCLE:   387 TIME:  85.566 TIME LEFT:  1.95W  GRAD.:    30.414 HEAT: -24052.18
 CYCLE:   388 TIME:  73.672 TIME LEFT:  1.95W  GRAD.:    23.103 HEAT: -24052.72
 CYCLE:   389 TIME:  71.504 TIME LEFT:  1.95W  GRAD.:    20.212 HEAT: -24052.64
 CYCLE:   390 TIME:  81.246 TIME LEFT:  1.95W  GRAD.:    31.268 HEAT: -24052.48
 CYCLE:   391 TIME:  80.641 TIME LEFT:  1.95W  GRAD.:    21.370 HEAT: -24052.48
 CYCLE:   392 TIME:  82.957 TIME LEFT:  1.95W  GRAD.:    22.600 HEAT: -24052.24
 CYCLE:   393 TIME:  82.355 TIME LEFT:  1.95W  GRAD.:    28.924 HEAT: -24052.67
 CYCLE:   394 TIME:  81.832 TIME LEFT:  1.95W  GRAD.:    29.337 HEAT: -24052.71
 CYCLE:   395 TIME:  81.895 TIME LEFT:  1.95W  GRAD.:    26.559 HEAT: -24053.27
 CYCLE:   396 TIME:  81.770 TIME LEFT:  1.95W  GRAD.:    21.482 HEAT: -24053.65
 CYCLE:   397 TIME:  92.111 TIME LEFT:  1.95W  GRAD.:    25.026 HEAT: -24053.23
 CYCLE:   398 TIME:  81.664 TIME LEFT:  1.95W  GRAD.:    31.337 HEAT: -24054.42
 CYCLE:   399 TIME:  82.500 TIME LEFT:  1.95W  GRAD.:    24.864 HEAT: -24055.15
 CYCLE:   400 TIME:  82.922 TIME LEFT:  1.95W  GRAD.:    22.494 HEAT: -24055.43
 CYCLE:   401 TIME:  82.641 TIME LEFT:  1.95W  GRAD.:    30.235 HEAT: -24056.21
 CYCLE:   402 TIME:  83.352 TIME LEFT:  1.95W  GRAD.:    34.936 HEAT: -24056.46
 CYCLE:   403 TIME:  92.750 TIME LEFT:  1.94W  GRAD.:    24.382 HEAT: -24057.50
 CYCLE:   404 TIME:  80.172 TIME LEFT:  1.94W  GRAD.:    27.341 HEAT: -24058.25
 CYCLE:   405 TIME:  78.656 TIME LEFT:  1.94W  GRAD.:    28.322 HEAT: -24058.46
 CYCLE:   406 TIME:  72.742 TIME LEFT:  1.94W  GRAD.:    25.350 HEAT: -24058.62
 CYCLE:   407 TIME:  85.898 TIME LEFT:  1.94W  GRAD.:    32.585 HEAT: -24059.56
 CYCLE:   408 TIME:  82.305 TIME LEFT:  1.94W  GRAD.:    34.835 HEAT: -24060.20
 CYCLE:   409 TIME:  80.516 TIME LEFT:  1.94W  GRAD.:    25.684 HEAT: -24059.36
 CYCLE:   410 TIME:  81.859 TIME LEFT:  1.94W  GRAD.:    29.811 HEAT: -24059.90
 CYCLE:   411 TIME:  87.367 TIME LEFT:  1.94W  GRAD.:    24.050 HEAT: -24060.75
 CYCLE:   412 TIME:  82.039 TIME LEFT:  1.94W  GRAD.:    31.567 HEAT: -24060.40
 CYCLE:   413 TIME:  84.984 TIME LEFT:  1.94W  GRAD.:    21.410 HEAT: -24061.14
 CYCLE:   414 TIME:  85.547 TIME LEFT:  1.94W  GRAD.:    23.456 HEAT: -24061.29
 CYCLE:   415 TIME:  94.055 TIME LEFT:  1.94W  GRAD.:    31.346 HEAT: -24061.17
 CYCLE:   416 TIME:  82.859 TIME LEFT:  1.94W  GRAD.:    21.322 HEAT: -24061.87
 CYCLE:   417 TIME:  82.242 TIME LEFT:  1.94W  GRAD.:    20.617 HEAT: -24062.63
 CYCLE:   418 TIME:  84.141 TIME LEFT:  1.94W  GRAD.:    31.827 HEAT: -24063.16
 CYCLE:   419 TIME:  86.375 TIME LEFT:  1.94W  GRAD.:    24.161 HEAT: -24062.29
 CYCLE:   420 TIME:  77.234 TIME LEFT:  1.94W  GRAD.:    26.296 HEAT: -24062.13
 CYCLE:   421 TIME:  77.414 TIME LEFT:  1.94W  GRAD.:    20.770 HEAT: -24062.20
 CYCLE:   422 TIME:  75.055 TIME LEFT:  1.94W  GRAD.:    21.039 HEAT: -24064.92
 CYCLE:   423 TIME:  82.734 TIME LEFT:  1.94W  GRAD.:    31.252 HEAT: -24065.25
 CYCLE:   424 TIME:  77.586 TIME LEFT:  1.94W  GRAD.:    27.717 HEAT: -24063.47
 CYCLE:   425 TIME:  73.641 TIME LEFT:  1.94W  GRAD.:    22.808 HEAT: -24064.18
 CYCLE:   426 TIME:  83.070 TIME LEFT:  1.94W  GRAD.:    21.869 HEAT: -24064.64
 CYCLE:   427 TIME:  85.398 TIME LEFT:  1.94W  GRAD.:    23.727 HEAT: -24065.06
 CYCLE:   428 TIME:  88.688 TIME LEFT:  1.94W  GRAD.:    32.314 HEAT: -24067.33
 CYCLE:   429 TIME:  77.078 TIME LEFT:  1.94W  GRAD.:    20.405 HEAT: -24067.89
 CYCLE:   430 TIME:  64.883 TIME LEFT:  1.94W  GRAD.:    21.956 HEAT: -24065.55
 CYCLE:   431 TIME:  73.984 TIME LEFT:  1.94W  GRAD.:    43.632 HEAT: -24067.96
 CYCLE:   432 TIME:  66.469 TIME LEFT:  1.94W  GRAD.:    18.488 HEAT: -24065.68
 CYCLE:   433 TIME:  75.906 TIME LEFT:  1.94W  GRAD.:    17.968 HEAT: -24065.80
 CYCLE:   434 TIME:  80.891 TIME LEFT:  1.94W  GRAD.:    25.076 HEAT: -24064.56
 CYCLE:   435 TIME:  69.625 TIME LEFT:  1.94W  GRAD.:    29.327 HEAT: -24063.59
 CYCLE:   436 TIME:  74.430 TIME LEFT:  1.94W  GRAD.:    21.451 HEAT: -24064.37
 CYCLE:   437 TIME:  85.992 TIME LEFT:  1.94W  GRAD.:    27.174 HEAT: -24067.85
 CYCLE:   438 TIME:  74.539 TIME LEFT:  1.94W  GRAD.:    23.375 HEAT: -24067.71
 CYCLE:   439 TIME:  83.367 TIME LEFT:  1.94W  GRAD.:    23.058 HEAT: -24068.77
 RESTART FILE WRITTEN,      TIME LEFT:  1.94W  GRAD.:    32.101 HEAT: -24068.82
 CYCLE:   441 TIME:  75.461 TIME LEFT:  1.94W  GRAD.:    20.438 HEAT: -24068.83
 CYCLE:   442 TIME:  93.797 TIME LEFT:  1.94W  GRAD.:    23.883 HEAT: -24069.23
 CYCLE:   443 TIME:  74.211 TIME LEFT:  1.94W  GRAD.:    24.770 HEAT: -24069.25
 CYCLE:   444 TIME:  85.922 TIME LEFT:  1.94W  GRAD.:    21.938 HEAT: -24070.12
 CYCLE:   445 TIME:  83.812 TIME LEFT:  1.94W  GRAD.:    27.135 HEAT: -24070.16
 CYCLE:   446 TIME:  79.484 TIME LEFT:  1.94W  GRAD.:    22.879 HEAT: -24070.51
 CYCLE:   447 TIME:  75.586 TIME LEFT:  1.94W  GRAD.:    19.017 HEAT: -24070.95
 CYCLE:   448 TIME:  87.383 TIME LEFT:  1.94W  GRAD.:    25.807 HEAT: -24070.35
 CYCLE:   449 TIME:  78.141 TIME LEFT:  1.94W  GRAD.:    33.086 HEAT: -24069.92
 CYCLE:   450 TIME:  74.016 TIME LEFT:  1.94W  GRAD.:    19.071 HEAT: -24070.26
 CYCLE:   451 TIME:  85.414 TIME LEFT:  1.94W  GRAD.:    23.903 HEAT: -24070.74
 CYCLE:   452 TIME:  71.133 TIME LEFT:  1.94W  GRAD.:    24.795 HEAT: -24070.79
 CYCLE:   453 TIME:  84.469 TIME LEFT:  1.94W  GRAD.:    22.043 HEAT: -24070.86
 CYCLE:   454 TIME:  81.844 TIME LEFT:  1.94W  GRAD.:    30.007 HEAT: -24071.90
 CYCLE:   455 TIME:  75.320 TIME LEFT:  1.94W  GRAD.:    20.334 HEAT: -24071.69
 CYCLE:   456 TIME:  89.336 TIME LEFT:  1.94W  GRAD.:    19.535 HEAT: -24072.38
 CYCLE:   457 TIME:  81.539 TIME LEFT:  1.94W  GRAD.:    19.745 HEAT: -24072.72
 CYCLE:   458 TIME:  84.086 TIME LEFT:  1.94W  GRAD.:    38.543 HEAT: -24072.92
 CYCLE:   459 TIME:  82.188 TIME LEFT:  1.94W  GRAD.:    18.703 HEAT: -24073.16
 CYCLE:   460 TIME:  77.859 TIME LEFT:  1.94W  GRAD.:    19.511 HEAT: -24071.96
 CYCLE:   461 TIME:  72.047 TIME LEFT:  1.94W  GRAD.:    20.516 HEAT: -24072.13
 CYCLE:   462 TIME:  89.750 TIME LEFT:  1.94W  GRAD.:    24.866 HEAT: -24072.35
 CYCLE:   463 TIME:  96.102 TIME LEFT:  1.94W  GRAD.:    27.162 HEAT: -24072.34
 CYCLE:   464 TIME:  78.148 TIME LEFT:  1.94W  GRAD.:    17.226 HEAT: -24072.43
 CYCLE:   465 TIME: 109.820 TIME LEFT:  1.94W  GRAD.:    17.936 HEAT: -24073.17
 CYCLE:   466 TIME:  85.969 TIME LEFT:  1.94W  GRAD.:    24.730 HEAT: -24072.91
 CYCLE:   467 TIME:  80.844 TIME LEFT:  1.94W  GRAD.:    23.211 HEAT: -24073.27
 CYCLE:   468 TIME:  74.258 TIME LEFT:  1.94W  GRAD.:    18.801 HEAT: -24074.78
 CYCLE:   469 TIME:  77.156 TIME LEFT:  1.94W  GRAD.:    28.161 HEAT: -24073.86
 CYCLE:   470 TIME:  74.945 TIME LEFT:  1.94W  GRAD.:    18.738 HEAT: -24074.60
 CYCLE:   471 TIME:  75.672 TIME LEFT:  1.94W  GRAD.:    18.880 HEAT: -24074.80
 CYCLE:   472 TIME:  85.297 TIME LEFT:  1.94W  GRAD.:    24.109 HEAT: -24074.35
 CYCLE:   473 TIME:  78.148 TIME LEFT:  1.94W  GRAD.:    47.127 HEAT: -24074.29
 CYCLE:   474 TIME:  75.680 TIME LEFT:  1.94W  GRAD.:    19.531 HEAT: -24074.91
 CYCLE:   475 TIME:  86.125 TIME LEFT:  1.94W  GRAD.:    15.600 HEAT: -24074.35
 CYCLE:   476 TIME:  83.125 TIME LEFT:  1.94W  GRAD.:    18.232 HEAT: -24074.50
 CYCLE:   477 TIME:  86.172 TIME LEFT:  1.94W  GRAD.:    24.745 HEAT: -24074.40
 CYCLE:   478 TIME:  85.570 TIME LEFT:  1.93W  GRAD.:    19.737 HEAT: -24074.72
 CYCLE:   479 TIME:  84.273 TIME LEFT:  1.93W  GRAD.:    15.934 HEAT: -24074.71
 CYCLE:   480 TIME:  82.031 TIME LEFT:  1.93W  GRAD.:    20.895 HEAT: -24075.82
 CYCLE:   481 TIME:  75.094 TIME LEFT:  1.93W  GRAD.:    27.863 HEAT: -24075.61
 CYCLE:   482 TIME:  82.484 TIME LEFT:  1.93W  GRAD.:    21.762 HEAT: -24075.58
 CYCLE:   483 TIME:  85.305 TIME LEFT:  1.93W  GRAD.:    26.065 HEAT: -24075.74
 CYCLE:   484 TIME: 116.914 TIME LEFT:  1.93W  GRAD.:    20.289 HEAT: -24075.23
 CYCLE:   485 TIME: 106.906 TIME LEFT:  1.93W  GRAD.:    20.349 HEAT: -24075.20
 CYCLE:   486 TIME: 104.844 TIME LEFT:  1.93W  GRAD.:    18.145 HEAT: -24075.99
 CYCLE:   487 TIME: 108.695 TIME LEFT:  1.93W  GRAD.:    23.386 HEAT: -24076.67
 CYCLE:   488 TIME: 120.961 TIME LEFT:  1.93W  GRAD.:    20.767 HEAT: -24076.42
 CYCLE:   489 TIME:  78.227 TIME LEFT:  1.93W  GRAD.:    18.821 HEAT: -24075.65
 CYCLE:   490 TIME:  83.234 TIME LEFT:  1.93W  GRAD.:    20.135 HEAT: -24076.08
 CYCLE:   491 TIME:  74.727 TIME LEFT:  1.93W  GRAD.:    24.261 HEAT: -24077.02
 CYCLE:   492 TIME:  86.344 TIME LEFT:  1.93W  GRAD.:    17.493 HEAT: -24076.96
 CYCLE:   493 TIME:  89.125 TIME LEFT:  1.93W  GRAD.:    22.530 HEAT: -24077.93
 CYCLE:   494 TIME:  77.969 TIME LEFT:  1.93W  GRAD.:    31.689 HEAT: -24078.32
 CYCLE:   495 TIME:  76.125 TIME LEFT:  1.93W  GRAD.:    21.394 HEAT: -24077.63
 CYCLE:   496 TIME:  90.375 TIME LEFT:  1.93W  GRAD.:    22.930 HEAT: -24077.71
 CYCLE:   497 TIME:  82.625 TIME LEFT:  1.93W  GRAD.:    21.066 HEAT: -24077.95
 CYCLE:   498 TIME:  87.398 TIME LEFT:  1.93W  GRAD.:    21.290 HEAT: -24078.60
 CYCLE:   499 TIME:  85.047 TIME LEFT:  1.93W  GRAD.:    27.874 HEAT: -24078.53
 CYCLE:   500 TIME:  81.562 TIME LEFT:  1.93W  GRAD.:    26.930 HEAT: -24077.61
 CYCLE:   501 TIME:  84.781 TIME LEFT:  1.93W  GRAD.:    22.893 HEAT: -24078.63
 CYCLE:   502 TIME:  85.961 TIME LEFT:  1.93W  GRAD.:    24.080 HEAT: -24079.33
 CYCLE:   503 TIME:  84.219 TIME LEFT:  1.93W  GRAD.:    33.457 HEAT: -24078.76
 CYCLE:   504 TIME:  78.477 TIME LEFT:  1.93W  GRAD.:    27.415 HEAT: -24079.87
 CYCLE:   505 TIME:  78.555 TIME LEFT:  1.93W  GRAD.:    18.033 HEAT: -24080.12
 CYCLE:   506 TIME:  78.477 TIME LEFT:  1.93W  GRAD.:    17.189 HEAT: -24079.84
 CYCLE:   507 TIME:  75.734 TIME LEFT:  1.93W  GRAD.:    19.680 HEAT: -24079.78
 CYCLE:   508 TIME:  86.992 TIME LEFT:  1.93W  GRAD.:    22.402 HEAT: -24081.50
 CYCLE:   509 TIME:  77.344 TIME LEFT:  1.93W  GRAD.:    18.139 HEAT: -24081.46
 CYCLE:   510 TIME:  76.312 TIME LEFT:  1.93W  GRAD.:    20.282 HEAT: -24080.68
 CYCLE:   511 TIME:  77.031 TIME LEFT:  1.93W  GRAD.:    20.936 HEAT: -24081.61
 CYCLE:   512 TIME:  85.375 TIME LEFT:  1.93W  GRAD.:    17.544 HEAT: -24082.23
 CYCLE:   513 TIME:  78.711 TIME LEFT:  1.93W  GRAD.:    16.818 HEAT: -24082.61
 CYCLE:   514 TIME:  76.555 TIME LEFT:  1.93W  GRAD.:    19.549 HEAT: -24081.49
 CYCLE:   515 TIME:  77.336 TIME LEFT:  1.93W  GRAD.:    17.586 HEAT: -24081.80
 CYCLE:   516 TIME:  77.992 TIME LEFT:  1.93W  GRAD.:    17.411 HEAT: -24082.90
 CYCLE:   517 TIME:  83.086 TIME LEFT:  1.93W  GRAD.:    19.036 HEAT: -24082.45
 CYCLE:   518 TIME:  78.953 TIME LEFT:  1.93W  GRAD.:    27.039 HEAT: -24082.39
 CYCLE:   519 TIME:  73.672 TIME LEFT:  1.93W  GRAD.:    15.472 HEAT: -24082.36
 CYCLE:   520 TIME:  90.961 TIME LEFT:  1.93W  GRAD.:    19.972 HEAT: -24082.36
 CYCLE:   521 TIME:  73.711 TIME LEFT:  1.93W  GRAD.:    21.959 HEAT: -24083.02
 CYCLE:   522 TIME:  85.281 TIME LEFT:  1.93W  GRAD.:    16.768 HEAT: -24083.30
 CYCLE:   523 TIME:  93.555 TIME LEFT:  1.93W  GRAD.:    20.770 HEAT: -24083.96
 CYCLE:   524 TIME:  96.398 TIME LEFT:  1.93W  GRAD.:    19.131 HEAT: -24083.81
 CYCLE:   525 TIME: 103.891 TIME LEFT:  1.93W  GRAD.:    17.476 HEAT: -24083.16
 RESTART FILE WRITTEN,      TIME LEFT:  1.93W  GRAD.:    29.702 HEAT: -24084.34
 CYCLE:   527 TIME:  96.625 TIME LEFT:  1.93W  GRAD.:    16.575 HEAT: -24084.62
 CYCLE:   528 TIME:  95.062 TIME LEFT:  1.93W  GRAD.:    19.057 HEAT: -24084.91
 CYCLE:   529 TIME:  87.578 TIME LEFT:  1.93W  GRAD.:    22.181 HEAT: -24085.36
 CYCLE:   530 TIME:  91.750 TIME LEFT:  1.93W  GRAD.:    23.747 HEAT: -24084.97
 CYCLE:   531 TIME:  79.383 TIME LEFT:  1.93W  GRAD.:    23.457 HEAT: -24083.55
 CYCLE:   532 TIME:  72.250 TIME LEFT:  1.93W  GRAD.:    17.321 HEAT: -24083.43
 CYCLE:   533 TIME:  82.945 TIME LEFT:  1.93W  GRAD.:    18.027 HEAT: -24084.21
 CYCLE:   534 TIME:  96.523 TIME LEFT:  1.93W  GRAD.:    22.364 HEAT: -24084.51
 CYCLE:   535 TIME:  79.750 TIME LEFT:  1.93W  GRAD.:    18.418 HEAT: -24083.85
 CYCLE:   536 TIME:  79.227 TIME LEFT:  1.93W  GRAD.:    15.411 HEAT: -24084.41
 CYCLE:   537 TIME:  94.320 TIME LEFT:  1.93W  GRAD.:    18.735 HEAT: -24085.64
 CYCLE:   538 TIME:  79.891 TIME LEFT:  1.93W  GRAD.:    27.895 HEAT: -24085.92
 CYCLE:   539 TIME:  82.484 TIME LEFT:  1.93W  GRAD.:    15.198 HEAT: -24086.12
 CYCLE:   540 TIME: 101.500 TIME LEFT:  1.93W  GRAD.:    28.566 HEAT: -24085.93
 CYCLE:   541 TIME:  83.156 TIME LEFT:  1.93W  GRAD.:    18.623 HEAT: -24087.25
 CYCLE:   542 TIME:  82.719 TIME LEFT:  1.93W  GRAD.:    16.406 HEAT: -24087.32
 CYCLE:   543 TIME:  81.516 TIME LEFT:  1.93W  GRAD.:    21.243 HEAT: -24087.13
 CYCLE:   544 TIME:  92.766 TIME LEFT:  1.93W  GRAD.:    17.496 HEAT: -24086.38
 CYCLE:   545 TIME:  87.234 TIME LEFT:  1.93W  GRAD.:    16.986 HEAT: -24086.20
 CYCLE:   546 TIME:  86.047 TIME LEFT:  1.93W  GRAD.:    21.628 HEAT: -24086.55
 CYCLE:   547 TIME:  75.797 TIME LEFT:  1.93W  GRAD.:    18.844 HEAT: -24085.72
 CYCLE:   548 TIME:  78.398 TIME LEFT:  1.92W  GRAD.:    28.605 HEAT: -24086.12
 CYCLE:   549 TIME:  94.727 TIME LEFT:  1.92W  GRAD.:    16.967 HEAT: -24087.02
 CYCLE:   550 TIME:  90.438 TIME LEFT:  1.92W  GRAD.:    20.312 HEAT: -24084.82
 CYCLE:   551 TIME:  75.469 TIME LEFT:  1.92W  GRAD.:    20.344 HEAT: -24084.85
 CYCLE:   552 TIME:  87.523 TIME LEFT:  1.92W  GRAD.:    19.117 HEAT: -24083.47
 CYCLE:   553 TIME:  71.250 TIME LEFT:  1.92W  GRAD.:    20.394 HEAT: -24083.83
 CYCLE:   554 TIME:  74.047 TIME LEFT:  1.92W  GRAD.:    22.371 HEAT: -24083.08
 CYCLE:   555 TIME:  82.898 TIME LEFT:  1.92W  GRAD.:    24.708 HEAT: -24084.63
 CYCLE:   556 TIME:  83.898 TIME LEFT:  1.92W  GRAD.:    16.275 HEAT: -24084.30
 CYCLE:   557 TIME:  83.703 TIME LEFT:  1.92W  GRAD.:    16.166 HEAT: -24084.66
 CYCLE:   558 TIME:  80.484 TIME LEFT:  1.92W  GRAD.:    20.740 HEAT: -24084.75
 CYCLE:   559 TIME:  82.859 TIME LEFT:  1.92W  GRAD.:    16.932 HEAT: -24084.64
 CYCLE:   560 TIME:  77.234 TIME LEFT:  1.92W  GRAD.:    19.423 HEAT: -24085.04
 CYCLE:   561 TIME:  76.203 TIME LEFT:  1.92W  GRAD.:    16.835 HEAT: -24085.08
 CYCLE:   562 TIME:  82.977 TIME LEFT:  1.92W  GRAD.:    21.762 HEAT: -24086.07
 CYCLE:   563 TIME:  73.766 TIME LEFT:  1.92W  GRAD.:    19.958 HEAT: -24084.35
 CYCLE:   564 TIME:  75.922 TIME LEFT:  1.92W  GRAD.:    24.747 HEAT: -24083.42
 CYCLE:   565 TIME:  76.141 TIME LEFT:  1.92W  GRAD.:    14.558 HEAT: -24083.79
 CYCLE:   566 TIME:  74.688 TIME LEFT:  1.92W  GRAD.:    22.205 HEAT: -24082.16
 CYCLE:   567 TIME: 107.375 TIME LEFT:  1.92W  GRAD.:    21.910 HEAT: -24082.34
 CYCLE:   568 TIME:  74.383 TIME LEFT:  1.92W  GRAD.:    19.642 HEAT: -24082.73
 CYCLE:   569 TIME:  78.805 TIME LEFT:  1.92W  GRAD.:    20.188 HEAT: -24084.31
 CYCLE:   570 TIME:  87.000 TIME LEFT:  1.92W  GRAD.:    19.242 HEAT: -24083.99
 CYCLE:   571 TIME:  87.500 TIME LEFT:  1.92W  GRAD.:    15.921 HEAT: -24082.74
 CYCLE:   572 TIME:  81.016 TIME LEFT:  1.92W  GRAD.:    22.789 HEAT: -24082.91
 CYCLE:   573 TIME:  83.234 TIME LEFT:  1.92W  GRAD.:    15.501 HEAT: -24083.24
 CYCLE:   574 TIME:  77.102 TIME LEFT:  1.92W  GRAD.:    17.302 HEAT: -24082.44
 CYCLE:   575 TIME: 104.688 TIME LEFT:  1.92W  GRAD.:    24.727 HEAT: -24083.14
 CYCLE:   576 TIME:  78.656 TIME LEFT:  1.92W  GRAD.:    17.398 HEAT: -24083.64
 CYCLE:   577 TIME:  75.539 TIME LEFT:  1.92W  GRAD.:    21.407 HEAT: -24084.20
 CYCLE:   578 TIME:  78.680 TIME LEFT:  1.92W  GRAD.:    16.790 HEAT: -24083.53
 CYCLE:   579 TIME:  85.242 TIME LEFT:  1.92W  GRAD.:    17.246 HEAT: -24083.66
 CYCLE:   580 TIME:  70.594 TIME LEFT:  1.92W  GRAD.:    18.763 HEAT: -24083.46
 CYCLE:   581 TIME:  74.992 TIME LEFT:  1.92W  GRAD.:    22.352 HEAT: -24082.59
 CYCLE:   582 TIME:  83.055 TIME LEFT:  1.92W  GRAD.:    28.653 HEAT: -24082.34
 CYCLE:   583 TIME:  79.562 TIME LEFT:  1.92W  GRAD.:    16.192 HEAT: -24082.95
 CYCLE:   584 TIME:  74.102 TIME LEFT:  1.92W  GRAD.:    16.130 HEAT: -24083.61
 CYCLE:   585 TIME:  71.484 TIME LEFT:  1.92W  GRAD.:    16.376 HEAT: -24083.44
 CYCLE:   586 TIME:  88.391 TIME LEFT:  1.92W  GRAD.:    19.938 HEAT: -24085.27
 CYCLE:   587 TIME:  79.562 TIME LEFT:  1.92W  GRAD.:    43.733 HEAT: -24082.73
 CYCLE:   588 TIME:  69.703 TIME LEFT:  1.92W  GRAD.:    17.081 HEAT: -24083.71
 CYCLE:   589 TIME:  77.859 TIME LEFT:  1.92W  GRAD.:    26.538 HEAT: -24083.23
 CYCLE:   590 TIME:  74.156 TIME LEFT:  1.92W  GRAD.:    14.488 HEAT: -24082.67
 CYCLE:   591 TIME:  72.625 TIME LEFT:  1.92W  GRAD.:    18.999 HEAT: -24083.05
 CYCLE:   592 TIME:  70.641 TIME LEFT:  1.92W  GRAD.:    21.745 HEAT: -24082.72
 CYCLE:   593 TIME:  79.117 TIME LEFT:  1.92W  GRAD.:    18.693 HEAT: -24082.78
 CYCLE:   594 TIME:  88.727 TIME LEFT:  1.92W  GRAD.:    28.819 HEAT: -24084.21
 CYCLE:   595 TIME:  76.695 TIME LEFT:  1.92W  GRAD.:    18.377 HEAT: -24084.00
 CYCLE:   596 TIME:  70.812 TIME LEFT:  1.92W  GRAD.:    17.614 HEAT: -24083.17
 CYCLE:   597 TIME:  69.867 TIME LEFT:  1.92W  GRAD.:    17.656 HEAT: -24083.25
 CYCLE:   598 TIME:  80.609 TIME LEFT:  1.92W  GRAD.:    25.239 HEAT: -24082.60
 CYCLE:   599 TIME:  70.461 TIME LEFT:  1.92W  GRAD.:    32.780 HEAT: -24084.02
 CYCLE:   600 TIME:  76.273 TIME LEFT:  1.92W  GRAD.:    17.104 HEAT: -24083.94
 CYCLE:   601 TIME:  78.586 TIME LEFT:  1.92W  GRAD.:    16.422 HEAT: -24084.07
 CYCLE:   602 TIME:  71.641 TIME LEFT:  1.92W  GRAD.:    16.408 HEAT: -24084.58


           HEAT OF FORMATION IS ESSENTIALLY STATIONARY


          CURRENT BEST VALUE OF HEAT OF FORMATION = -24086.488317

 -------------------------------------------------------------------------------
 HTML opt EPS=78.4 MOZYME OUTPUT PM6-D3H4 CUTOFF=6 T=2W THREADS=1 LET(60) CHARGE=-5
 Green Fluorescent Protein (5WJ2) PM6-D3H4 geometry



     HERBERTS TEST WAS SATISFIED IN BFGS                      
     SCF FIELD WAS ACHIEVED                                   


                              PM6-D3H4 CALCULATION
                                                       MOPAC vunknown unknown
                                                       Tue Jun 27 20:14:56 2023




          FINAL HEAT OF FORMATION =     -24086.48832 KCAL/MOL = -100777.86712 KJ/MOL
          VAN DER WAALS AREA      =       8407.10 SQUARE ANGSTROMS



          DIELECTRIC ENERGY       =       -124.68129 EV
          COSMO AREA              =       8407.10 SQUARE ANGSTROMS
          COSMO VOLUME            =      32377.94 CUBIC ANGSTROMS

          GRADIENT NORM           =         16.40568          =       0.26358 PER ATOM
          NO. OF FILLED LEVELS    =       5425
          MOLECULAR WEIGHT        =      27617.6869

          MOLECULAR DIMENSIONS (Angstroms)

            Atom       Atom       Distance
            O  2195    H    16    70.24902
            H  3458    H  2580    53.48438
            H  1285    H   519    42.00756


          SCF CALCULATIONS        =        604
 
          WALL-CLOCK TIME         =         13 HOURS 51 MINUTES AND 22.063 SECONDS
          COMPUTATION TIME        =         13 HOURS 48 MINUTES AND 55.219 SECONDS

           Empirical Formula: C1191 H1939 N322 O416 S6  =  3874 atoms


          NET CHARGE ON RESIDUES

      Residue         Charge  Anion or
                              Cation?
      ASN A  -7       +0.893  CATION
      LEU A  -6       +0.077
      TYR A  -5       +0.015
      PHE A  -4       +0.001
      GLN A  -3       -0.029
      GLY A  -2       +0.012
      HIS A  -1       +0.042
      MET A   0       -0.054
      VAL A   1       -0.014
      SER A   2       +0.069
      LYS A   3       +0.929  CATION
      GLY A   4       +0.062
      GLU A   5       -0.973  ANION
      GLU A   6       -0.967  ANION
      LEU A   7       +0.050
      PHE A   8       -0.018
      THR A   9       +0.018
      GLY A  10       -0.012
      VAL A  11       +0.013
      VAL A  12       -0.022
      PRO A  13       +0.078
      ILE A  14       -0.073
      LEU A  15       +0.041
      VAL A  16       -0.021
      GLU A  17       -0.928  ANION
      LEU A  18       -0.046
      ASP A  19       -0.899  ANION
      GLY A  20       +0.002
      ASP A  21       -0.965  ANION
      VAL A  22       +0.029
      ASN A  23       -0.048
      GLY A  24       -0.055
      HIS A  25       +0.054
      LYS A  26       +0.991  CATION
      PHE A  27       -0.021
      SER A  28       -0.020
      VAL A  29       -0.009
      ARG A  30       +0.927  CATION
      GLY A  31       +0.005
      GLU A  32       -0.946  ANION
      GLY A  33       -0.007
      GLU A  34       -0.960  ANION
      GLY A  35       +0.010
      ASP A  36       -0.941  ANION
      ALA A  37       +0.034
      THR A  38       -0.021
      ASN A  39       -0.095
      GLY A  40       +0.037
      LYS A  41       +0.962  CATION
      LEU A  42       +0.057
      THR A  43       -0.084
      LEU A  44       +0.056
      LYS A  45       +0.954  CATION
      PHE A  46       -0.030
      ILE A  47       +0.027
      CYS A  48       -0.078
      THR A  49       -0.017
      THR A  50       -0.024
      GLY A  51       +0.013
      LYS A  52       +0.936  CATION
      LEU A  53       +0.012
      PRO A  54       +0.102
      VAL A  55       -0.033
      PRO A  56       +0.004
      TRP A  57       -0.041
      PRO A  58       +0.018
      THR A  59       -0.039
      LEU A  60       +0.037
      VAL A  61       +0.047
      THR A  62       -0.049
      THR A  63       -0.001
      PHE A  64       -0.072
      CR2 A  66       +0.014
      VAL A  68       +0.062
      ALA A  69       -0.033
      CYS A  70       +0.028
      PHE A  71       +0.045
      SER A  72       -0.059
      ARG A  73       +0.963  CATION
      TYR A  74       +0.039
      PRO A  75       +0.017
      ASP A  76       -0.974  ANION
      HIS A  77       -0.025
      MET A  78       -0.013
      LYS A  79       +0.987  CATION
      GLN A  80       +0.037
      HIS A  81       -0.039
      ASP A  82       -0.859  ANION
      PHE A  83       -0.029
      PHE A  84       +0.022
      LYS A  85       +0.879  CATION
      SER A  86       +0.011
      ALA A  87       -0.031
      MET A  88       +0.032
      PRO A  89       -0.015
      GLU A  90       -0.894  ANION
      GLY A  91       -0.006
      TYR A  92       +0.018
      VAL A  93       +0.014
      GLN A  94       -0.046
      GLU A  95       -0.896  ANION
      ARG A  96       +0.930  CATION
      THR A  97       -0.009
      ILE A  98       +0.021
      SER A  99       -0.089
      PHE A 100       +0.073
      LYS A 101       +0.988  CATION
      ASP A 102       -1.043  ANION
      ASP A 103       -0.899  ANION
      GLY A 104       +0.113
      THR A 105       -0.064
      TYR A 106       -0.011
      LYS A 107       +0.951  CATION
      THR A 108       +0.033
      ARG A 109       +0.882  CATION
      ALA A 110       +0.042
      GLU A 111       -0.927  ANION
      VAL A 112       +0.016
      LYS A 113       +0.935  CATION
      PHE A 114       +0.054
      GLU A 115       -0.926  ANION
      GLY A 116       +0.042
      ASP A 117       -0.873  ANION
      THR A 118       -0.063
      LEU A 119       +0.006
      VAL A 120       +0.047
      ASN A 121       -0.082
      ARG A 122       +0.912  CATION
      ILE A 123       +0.022
      GLU A 124       -1.016  ANION
      LEU A 125       +0.038
      LYS A 126       +0.949  CATION
      GLY A 127       +0.022
      ILE A 128       +0.002
      ASP A 129       -0.995  ANION
      PHE A 130       -0.035
      LYS A 131       +0.999  CATION
      GLU A 132       -0.920  ANION
      ASP A 133       -1.051  ANION
      GLY A 134       +0.040
      ASN A 135       -0.020
      ILE A 136       -0.014
      LEU A 137       +0.026
      GLY A 138       -0.004
      HIS A 139       -0.038
      LYS A 140       +0.963  CATION
      LEU A 141       -0.007
      GLU A 142       -0.974  ANION
      TYR A 143       +0.009
      ASN A 144       +0.043
      PHE A 145       -0.018
      ASN A 146       -0.038
      SER A 147       +0.011
      HIS A 148       +0.052
      ASN A 149       +0.045
      VAL A 150       +0.000
      TYR A 151       -0.035
      ILE A 152       +0.032
      THR A 153       +0.001
      ALA A 154       -0.036
      ASP A 155       -0.876  ANION
      LYS A 156       +0.953  CATION
      GLN A 157       -0.074
      LYS A 158       +0.941  CATION
      ASN A 159       -0.041
      GLY A 160       +0.066
      ILE A 161       +0.000
      LYS A 162       +0.916  CATION
      ALA A 163       +0.015
      ASN A 164       -0.036
      PHE A 165       +0.049
      LYS A 166       +0.962  CATION
      ILE A 167       -0.001
      ARG A 168       +0.975  CATION
      HIS A 169       +0.001
      ASN A 170       -0.099
      VAL A 171       +0.128
      GLU A 172       -1.024  ANION
      ASP A 173       -0.953  ANION
      GLY A 174       -0.028
      SER A 175       +0.036
      VAL A 176       -0.016
      GLN A 177       -0.032
      LEU A 178       -0.021
      ALA A 179       -0.016
      ASP A 180       -0.922  ANION
      HIS A 181       +0.114
      TYR A 182       -0.061
      GLN A 183       +0.000
      GLN A 184       +0.017
      ASN A 185       -0.041
      THR A 186       -0.042
      PRO A 187       +0.054
      ILE A 188       +0.010
      GLY A 189       +0.012
      ASP A 190       -1.041  ANION
      GLY A 191       +0.044
      PRO A 192       -0.014
      VAL A 193       +0.016
      LEU A 194       +0.031
      LEU A 195       -0.052
      PRO A 196       +0.095
      ASP A 197       -1.110  ANION
      ASN A 198       +0.060
      HIS A 199       -0.042
      TYR A 200       +0.022
      LEU A 201       +0.039
      SER A 202       -0.039
      HIS A 203       -0.037
      GLN A 204       +0.027
      SER A 205       -0.030
      ALA A 206       +0.045
      LEU A 207       -0.055
      SER A 208       +0.027
      LYS A 209       +0.854  CATION
      ASP A 210       -0.883  ANION
      PRO A 211       +0.018
      ASN A 212       -0.030
      GLU A 213       -0.792  ANION
      LYS A 214       +0.910  CATION
      ARG A 215       +0.940  CATION
      ASP A 216       -0.837  ANION
      HIS A 217       -0.016
      MET A 218       +0.008
      VAL A 219       +0.031
      LEU A 220       +0.022
      LEU A 221       -0.015
      GLU A 222       -0.884  ANION
      PHE A 223       -0.013
      VAL A 224       +0.048
      THR A 225       -0.078
      ALA A 226       +0.058
      ALA A 227       -0.017
      GLY A 228       -0.044
      ILE A 229       +0.075
 


                   Salt Bridges Found (Up to 8.0 Angstroms)

     No.          Cationic site                            Anionic site                Dist. (Angstroms)

      1  (ATOM   2589  NZ  LYS A 158)  A158(+)    (ATOM   1570  OE1 GLU A  95)   A95(-)      2.68
      2  (ATOM   3469  NH2 ARG A 215)  A215(+)    (ATOM   3429  OE1 GLU A 213)  A213(-)      2.69
      3  (ATOM   2004  NH1 ARG A 122)  A122(+)    (ATOM   1904  OE1 GLU A 115)  A115(-)      2.70
      4  (ATOM    783  NZ  LYS A  45)   A45(+)    (ATOM   3429  OE1 GLU A 213)  A213(-)      2.71
      5  (ATOM   1421  NZ  LYS A  85)   A85(+)    (ATOM   1368  OD2 ASP A  82)   A82(-)      2.72
      6  (ATOM   2003  NH2 ARG A 122)  A122(+)    (ATOM    388  OE1 GLU A  17)   A17(-)      2.74
      7  (ATOM   1863  NZ  LYS A 113)  A113(+)    (ATOM   1831  OE1 GLU A 111)  A111(-)      2.77
      8  (ATOM    579  NH1 ARG A  30)   A30(+)    (ATOM    607  OE1 GLU A  32)   A32(-)      2.80
      9  (ATOM   2717  NZ  LYS A 166)  A166(+)    (ATOM   2934  OD1 ASP A 180)  A180(-)      2.81
     10  (ATOM   1800  NH2 ARG A 109)  A109(+)    (ATOM   1832  OE2 GLU A 111)  A111(-)      2.81
     11  (ATOM    890  NZ  LYS A  52)   A52(+)    (ATOM   3490  OD2 ASP A 216)  A216(-)      2.84
     12  (ATOM   2291  NZ  LYS A 140)  A140(+)    (ATOM   2194  OD1 ASP A 133)  A133(-)      2.85
     13  (ATOM   1313  NZ  LYS A  79)   A79(+)    (ATOM   1266  OD2 ASP A  76)   A76(-)      2.86
     14  (ATOM   1674  NZ  LYS A 101)  A101(+)    (ATOM   1694  OD1 ASP A 102)  A102(-)      2.93
     15  (ATOM    783  NZ  LYS A  45)   A45(+)    (ATOM   3389  OD2 ASP A 210)  A210(-)      3.03
     16  (ATOM   1863  NZ  LYS A 113)  A113(+)    (ATOM   1904  OE1 GLU A 115)  A115(-)      3.04
     17  (ATOM   1313  NZ  LYS A  79)   A79(+)    (ATOM    199  OE2 GLU A   5)    A5(-)      3.06
     18  (ATOM   3368  NZ  LYS A 209)  A209(+)    (ATOM   3489  OD1 ASP A 216)  A216(-)      3.26
     19  (ATOM   2004  NH1 ARG A 122)  A122(+)    (ATOM   1831  OE1 GLU A 111)  A111(-)      3.96
     20  (ATOM    576  NE  ARG A  30)   A30(+)    (ATOM    389  OE2 GLU A  17)   A17(-)      4.63
     21  (ATOM   2589  NZ  LYS A 158)  A158(+)    (ATOM   2537  OD2 ASP A 155)  A155(-)      5.28
     22  (ATOM   2159  NZ  LYS A 131)  A131(+)    (ATOM   1694  OD1 ASP A 102)  A102(-)      5.71
     23  (ATOM   1421  NZ  LYS A  85)   A85(+)    (ATOM    198  OE1 GLU A   5)    A5(-)      5.73
     24  (ATOM   1210  NH2 ARG A  73)   A73(+)    (ATOM   1265  OD1 ASP A  76)   A76(-)      5.83
     25  (ATOM   2291  NZ  LYS A 140)  A140(+)    (ATOM   2829  OE2 GLU A 172)  A172(-)      6.14
     26  (ATOM   2079  NZ  LYS A 126)  A126(+)    (ATOM    440  OD1 ASP A  21)   A21(-)      6.27
     27  (ATOM    508  NZ  LYS A  26)   A26(+)    (ATOM    441  OD2 ASP A  21)   A21(-)      6.35
     28  (ATOM   1313  NZ  LYS A  79)   A79(+)    (ATOM   1368  OD2 ASP A  82)   A82(-)      6.36
     29  (ATOM   2550  NZ  LYS A 156)  A156(+)    (ATOM   3187  OD1 ASP A 197)  A197(-)      6.47
     30  (ATOM   1799  NH1 ARG A 109)  A109(+)    (ATOM   2045  OE2 GLU A 124)  A124(-)      6.61
     31  (ATOM   2159  NZ  LYS A 131)  A131(+)    (ATOM   1707  OD2 ASP A 103)  A103(-)      6.68
     32  (ATOM   3469  NH2 ARG A 215)  A215(+)    (ATOM   3389  OD2 ASP A 210)  A210(-)      6.69
     33  (ATOM   2291  NZ  LYS A 140)  A140(+)    (ATOM   1707  OD2 ASP A 103)  A103(-)      6.80
     34  (ATOM   2651  NZ  LYS A 162)  A162(+)    (ATOM   2536  OD1 ASP A 155)  A155(-)      7.04
     35  (ATOM   3445  NZ  LYS A 214)  A214(+)    (ATOM   3430  OE2 GLU A 213)  A213(-)      7.24
     36  (ATOM   2001  NE  ARG A 122)  A122(+)    (ATOM    422  OD2 ASP A  19)   A19(-)      7.29
     37  (ATOM   1797  NE  ARG A 109)  A109(+)    (ATOM   1571  OE2 GLU A  95)   A95(-)      7.41
     38  (ATOM   1588  NH2 ARG A  96)   A96(+)    (ATOM   3590  OE1 GLU A 222)  A222(-)      7.50
     39  (ATOM   1863  NZ  LYS A 113)  A113(+)    (ATOM    388  OE1 GLU A  17)   A17(-)      7.62


 DIPOLE           X         Y         Z       TOTAL
 POINT-CHG.    84.804    -6.550   -45.332    96.382
 HYBRID         0.090    -3.242   -23.282    23.507
 SUM           84.894    -9.792   -68.614   109.594

 **********************
 *                    *
 * JOB ENDED NORMALLY *
 *                    *
 **********************



 TOTAL JOB TIME:         49882.35 SECONDS

 == MOPAC DONE ==
